{"/Users/victorxu/Desktop/Courseworks/cs4156/project/Troopr/client/src/App.jsx": {"path":"/Users/victorxu/Desktop/Courseworks/cs4156/project/Troopr/client/src/App.jsx","statementMap":{"0":{"start":{"line":9,"column":4},"end":{"line":14,"column":6}}},"fnMap":{"0":{"name":"(anonymous_0)","decl":{"start":{"line":8,"column":2},"end":{"line":8,"column":3}},"loc":{"start":{"line":8,"column":11},"end":{"line":15,"column":3}},"line":8}},"branchMap":{},"s":{"0":1},"f":{"0":1},"b":{},"_coverageSchema":"332fd63041d2c1bcb487cc26dd0d5f7d97098a6c","hash":"af067b65aa61cabb7bf77058d6dbdfb38d1854ae"}
,"/Users/victorxu/Desktop/Courseworks/cs4156/project/Troopr/client/src/Components/BoxView.jsx": {"path":"/Users/victorxu/Desktop/Courseworks/cs4156/project/Troopr/client/src/Components/BoxView.jsx","statementMap":{"0":{"start":{"line":7,"column":14},"end":{"line":7,"column":50}},"1":{"start":{"line":8,"column":14},"end":{"line":8,"column":28}},"2":{"start":{"line":9,"column":4},"end":{"line":9,"column":25}},"3":{"start":{"line":10,"column":4},"end":{"line":10,"column":25}},"4":{"start":{"line":11,"column":4},"end":{"line":11,"column":24}},"5":{"start":{"line":13,"column":4},"end":{"line":13,"column":15}},"6":{"start":{"line":17,"column":4},"end":{"line":17,"column":17}},"7":{"start":{"line":18,"column":4},"end":{"line":20,"column":6}},"8":{"start":{"line":21,"column":4},"end":{"line":21,"column":47}},"9":{"start":{"line":22,"column":4},"end":{"line":22,"column":47}},"10":{"start":{"line":28,"column":4},"end":{"line":28,"column":23}},"11":{"start":{"line":29,"column":4},"end":{"line":29,"column":38}},"12":{"start":{"line":34,"column":4},"end":{"line":36,"column":7}},"13":{"start":{"line":42,"column":4},"end":{"line":101,"column":5}},"14":{"start":{"line":43,"column":6},"end":{"line":45,"column":8}},"15":{"start":{"line":46,"column":6},"end":{"line":59,"column":9}},"16":{"start":{"line":47,"column":8},"end":{"line":58,"column":20}},"17":{"start":{"line":60,"column":11},"end":{"line":101,"column":5}},"18":{"start":{"line":61,"column":6},"end":{"line":63,"column":8}},"19":{"start":{"line":64,"column":6},"end":{"line":100,"column":9}},"20":{"start":{"line":65,"column":8},"end":{"line":99,"column":20}},"21":{"start":{"line":67,"column":63},"end":{"line":67,"column":87}},"22":{"start":{"line":103,"column":4},"end":{"line":109,"column":6}},"23":{"start":{"line":113,"column":0},"end":{"line":117,"column":2}},"24":{"start":{"line":119,"column":0},"end":{"line":122,"column":2}}},"fnMap":{"0":{"name":"(anonymous_0)","decl":{"start":{"line":6,"column":2},"end":{"line":6,"column":3}},"loc":{"start":{"line":6,"column":27},"end":{"line":14,"column":3}},"line":6},"1":{"name":"(anonymous_1)","decl":{"start":{"line":16,"column":2},"end":{"line":16,"column":3}},"loc":{"start":{"line":16,"column":21},"end":{"line":23,"column":3}},"line":16},"2":{"name":"(anonymous_2)","decl":{"start":{"line":25,"column":2},"end":{"line":25,"column":3}},"loc":{"start":{"line":25,"column":22},"end":{"line":31,"column":3}},"line":25},"3":{"name":"(anonymous_3)","decl":{"start":{"line":33,"column":2},"end":{"line":33,"column":3}},"loc":{"start":{"line":33,"column":14},"end":{"line":37,"column":3}},"line":33},"4":{"name":"(anonymous_4)","decl":{"start":{"line":39,"column":2},"end":{"line":39,"column":3}},"loc":{"start":{"line":39,"column":11},"end":{"line":110,"column":3}},"line":39},"5":{"name":"(anonymous_5)","decl":{"start":{"line":46,"column":34},"end":{"line":46,"column":35}},"loc":{"start":{"line":47,"column":8},"end":{"line":58,"column":20}},"line":47},"6":{"name":"(anonymous_6)","decl":{"start":{"line":64,"column":35},"end":{"line":64,"column":36}},"loc":{"start":{"line":65,"column":8},"end":{"line":99,"column":20}},"line":65},"7":{"name":"(anonymous_7)","decl":{"start":{"line":67,"column":58},"end":{"line":67,"column":59}},"loc":{"start":{"line":67,"column":63},"end":{"line":67,"column":87}},"line":67}},"branchMap":{"0":{"loc":{"start":{"line":42,"column":4},"end":{"line":101,"column":5}},"type":"if","locations":[{"start":{"line":42,"column":4},"end":{"line":101,"column":5}},{"start":{"line":42,"column":4},"end":{"line":101,"column":5}}],"line":42},"1":{"loc":{"start":{"line":60,"column":11},"end":{"line":101,"column":5}},"type":"if","locations":[{"start":{"line":60,"column":11},"end":{"line":101,"column":5}},{"start":{"line":60,"column":11},"end":{"line":101,"column":5}}],"line":60},"2":{"loc":{"start":{"line":77,"column":15},"end":{"line":78,"column":52}},"type":"cond-expr","locations":[{"start":{"line":78,"column":17},"end":{"line":78,"column":41}},{"start":{"line":78,"column":46},"end":{"line":78,"column":51}}],"line":77},"3":{"loc":{"start":{"line":80,"column":15},"end":{"line":81,"column":50}},"type":"cond-expr","locations":[{"start":{"line":81,"column":17},"end":{"line":81,"column":39}},{"start":{"line":81,"column":44},"end":{"line":81,"column":49}}],"line":80},"4":{"loc":{"start":{"line":83,"column":15},"end":{"line":84,"column":63}},"type":"cond-expr","locations":[{"start":{"line":84,"column":17},"end":{"line":84,"column":52}},{"start":{"line":84,"column":57},"end":{"line":84,"column":62}}],"line":83},"5":{"loc":{"start":{"line":86,"column":15},"end":{"line":87,"column":55}},"type":"cond-expr","locations":[{"start":{"line":87,"column":17},"end":{"line":87,"column":44}},{"start":{"line":87,"column":49},"end":{"line":87,"column":54}}],"line":86},"6":{"loc":{"start":{"line":89,"column":15},"end":{"line":90,"column":54}},"type":"cond-expr","locations":[{"start":{"line":90,"column":17},"end":{"line":90,"column":43}},{"start":{"line":90,"column":48},"end":{"line":90,"column":53}}],"line":89},"7":{"loc":{"start":{"line":92,"column":15},"end":{"line":93,"column":46}},"type":"cond-expr","locations":[{"start":{"line":93,"column":17},"end":{"line":93,"column":35}},{"start":{"line":93,"column":40},"end":{"line":93,"column":45}}],"line":92},"8":{"loc":{"start":{"line":95,"column":15},"end":{"line":96,"column":46}},"type":"cond-expr","locations":[{"start":{"line":96,"column":17},"end":{"line":96,"column":35}},{"start":{"line":96,"column":40},"end":{"line":96,"column":45}}],"line":95}},"s":{"0":0,"1":0,"2":0,"3":0,"4":0,"5":0,"6":5,"7":5,"8":5,"9":5,"10":0,"11":0,"12":0,"13":5,"14":2,"15":2,"16":1,"17":3,"18":2,"19":2,"20":1,"21":0,"22":5,"23":3,"24":3},"f":{"0":0,"1":5,"2":0,"3":0,"4":5,"5":1,"6":1,"7":0},"b":{"0":[2,3],"1":[2,1],"2":[1,0],"3":[1,0],"4":[1,0],"5":[1,0],"6":[1,0],"7":[1,0],"8":[1,0]},"_coverageSchema":"332fd63041d2c1bcb487cc26dd0d5f7d97098a6c","hash":"ba6599cb315fef4d8547e32f87b1b887b40c2896"}
,"/Users/victorxu/Desktop/Courseworks/cs4156/project/Troopr/client/src/Components/CreateAccountView.jsx": {"path":"/Users/victorxu/Desktop/Courseworks/cs4156/project/Troopr/client/src/Components/CreateAccountView.jsx","statementMap":{"0":{"start":{"line":8,"column":0},"end":{"line":8,"column":43}},"1":{"start":{"line":12,"column":4},"end":{"line":12,"column":17}},"2":{"start":{"line":13,"column":4},"end":{"line":17,"column":6}},"3":{"start":{"line":18,"column":4},"end":{"line":18,"column":55}},"4":{"start":{"line":19,"column":4},"end":{"line":19,"column":63}},"5":{"start":{"line":20,"column":4},"end":{"line":20,"column":61}},"6":{"start":{"line":21,"column":4},"end":{"line":21,"column":69}},"7":{"start":{"line":22,"column":4},"end":{"line":22,"column":55}},"8":{"start":{"line":27,"column":4},"end":{"line":27,"column":45}},"9":{"start":{"line":31,"column":4},"end":{"line":31,"column":48}},"10":{"start":{"line":35,"column":4},"end":{"line":35,"column":48}},"11":{"start":{"line":39,"column":4},"end":{"line":39,"column":23}},"12":{"start":{"line":43,"column":4},"end":{"line":62,"column":9}},"13":{"start":{"line":53,"column":8},"end":{"line":58,"column":9}},"14":{"start":{"line":54,"column":10},"end":{"line":54,"column":53}},"15":{"start":{"line":55,"column":10},"end":{"line":55,"column":36}},"16":{"start":{"line":57,"column":10},"end":{"line":57,"column":42}},"17":{"start":{"line":61,"column":8},"end":{"line":61,"column":27}},"18":{"start":{"line":66,"column":4},"end":{"line":116,"column":6}},"19":{"start":{"line":120,"column":0},"end":{"line":123,"column":2}}},"fnMap":{"0":{"name":"(anonymous_0)","decl":{"start":{"line":11,"column":2},"end":{"line":11,"column":3}},"loc":{"start":{"line":11,"column":21},"end":{"line":23,"column":3}},"line":11},"1":{"name":"(anonymous_1)","decl":{"start":{"line":26,"column":2},"end":{"line":26,"column":3}},"loc":{"start":{"line":26,"column":23},"end":{"line":28,"column":3}},"line":26},"2":{"name":"(anonymous_2)","decl":{"start":{"line":30,"column":2},"end":{"line":30,"column":3}},"loc":{"start":{"line":30,"column":22},"end":{"line":32,"column":3}},"line":30},"3":{"name":"(anonymous_3)","decl":{"start":{"line":34,"column":2},"end":{"line":34,"column":3}},"loc":{"start":{"line":34,"column":26},"end":{"line":36,"column":3}},"line":34},"4":{"name":"(anonymous_4)","decl":{"start":{"line":38,"column":2},"end":{"line":38,"column":3}},"loc":{"start":{"line":38,"column":19},"end":{"line":63,"column":3}},"line":38},"5":{"name":"(anonymous_5)","decl":{"start":{"line":48,"column":12},"end":{"line":48,"column":13}},"loc":{"start":{"line":48,"column":26},"end":{"line":59,"column":7}},"line":48},"6":{"name":"(anonymous_6)","decl":{"start":{"line":60,"column":13},"end":{"line":60,"column":14}},"loc":{"start":{"line":60,"column":24},"end":{"line":62,"column":7}},"line":60},"7":{"name":"(anonymous_7)","decl":{"start":{"line":65,"column":2},"end":{"line":65,"column":3}},"loc":{"start":{"line":65,"column":11},"end":{"line":117,"column":3}},"line":65}},"branchMap":{"0":{"loc":{"start":{"line":53,"column":8},"end":{"line":58,"column":9}},"type":"if","locations":[{"start":{"line":53,"column":8},"end":{"line":58,"column":9}},{"start":{"line":53,"column":8},"end":{"line":58,"column":9}}],"line":53}},"s":{"0":2,"1":1,"2":1,"3":1,"4":1,"5":1,"6":1,"7":1,"8":0,"9":0,"10":0,"11":0,"12":0,"13":0,"14":0,"15":0,"16":0,"17":0,"18":1,"19":2},"f":{"0":1,"1":0,"2":0,"3":0,"4":0,"5":0,"6":0,"7":1},"b":{"0":[0,0]},"_coverageSchema":"332fd63041d2c1bcb487cc26dd0d5f7d97098a6c","hash":"cbaa9d21fcb1f4f651b60c5fe971796dc02c8225"}
,"/Users/victorxu/Desktop/Courseworks/cs4156/project/Troopr/client/src/Components/CreateEventView.jsx": {"path":"/Users/victorxu/Desktop/Courseworks/cs4156/project/Troopr/client/src/Components/CreateEventView.jsx","statementMap":{"0":{"start":{"line":12,"column":0},"end":{"line":12,"column":41}},"1":{"start":{"line":16,"column":4},"end":{"line":16,"column":17}},"2":{"start":{"line":17,"column":20},"end":{"line":17,"column":44}},"3":{"start":{"line":18,"column":19},"end":{"line":18,"column":51}},"4":{"start":{"line":19,"column":26},"end":{"line":19,"column":66}},"5":{"start":{"line":20,"column":4},"end":{"line":31,"column":6}},"6":{"start":{"line":33,"column":4},"end":{"line":33,"column":51}},"7":{"start":{"line":34,"column":4},"end":{"line":34,"column":71}},"8":{"start":{"line":35,"column":4},"end":{"line":35,"column":67}},"9":{"start":{"line":36,"column":4},"end":{"line":36,"column":67}},"10":{"start":{"line":37,"column":4},"end":{"line":37,"column":69}},"11":{"start":{"line":38,"column":4},"end":{"line":38,"column":63}},"12":{"start":{"line":39,"column":4},"end":{"line":39,"column":69}},"13":{"start":{"line":40,"column":4},"end":{"line":40,"column":59}},"14":{"start":{"line":44,"column":4},"end":{"line":44,"column":49}},"15":{"start":{"line":48,"column":4},"end":{"line":48,"column":47}},"16":{"start":{"line":52,"column":4},"end":{"line":52,"column":47}},"17":{"start":{"line":56,"column":4},"end":{"line":56,"column":48}},"18":{"start":{"line":60,"column":4},"end":{"line":63,"column":7}},"19":{"start":{"line":67,"column":4},"end":{"line":70,"column":7}},"20":{"start":{"line":74,"column":4},"end":{"line":77,"column":7}},"21":{"start":{"line":81,"column":4},"end":{"line":81,"column":23}},"22":{"start":{"line":84,"column":4},"end":{"line":114,"column":5}},"23":{"start":{"line":85,"column":6},"end":{"line":85,"column":46}},"24":{"start":{"line":87,"column":6},"end":{"line":113,"column":9}},"25":{"start":{"line":100,"column":8},"end":{"line":110,"column":9}},"26":{"start":{"line":101,"column":10},"end":{"line":101,"column":50}},"27":{"start":{"line":102,"column":15},"end":{"line":110,"column":9}},"28":{"start":{"line":103,"column":10},"end":{"line":107,"column":11}},"29":{"start":{"line":104,"column":12},"end":{"line":104,"column":41}},"30":{"start":{"line":106,"column":14},"end":{"line":106,"column":43}},"31":{"start":{"line":109,"column":10},"end":{"line":109,"column":40}},"32":{"start":{"line":112,"column":8},"end":{"line":112,"column":27}},"33":{"start":{"line":118,"column":4},"end":{"line":237,"column":6}},"34":{"start":{"line":241,"column":0},"end":{"line":243,"column":2}},"35":{"start":{"line":247,"column":2},"end":{"line":253,"column":4}}},"fnMap":{"0":{"name":"(anonymous_0)","decl":{"start":{"line":15,"column":2},"end":{"line":15,"column":3}},"loc":{"start":{"line":15,"column":21},"end":{"line":41,"column":3}},"line":15},"1":{"name":"(anonymous_1)","decl":{"start":{"line":43,"column":2},"end":{"line":43,"column":3}},"loc":{"start":{"line":43,"column":27},"end":{"line":45,"column":3}},"line":43},"2":{"name":"(anonymous_2)","decl":{"start":{"line":47,"column":2},"end":{"line":47,"column":3}},"loc":{"start":{"line":47,"column":25},"end":{"line":49,"column":3}},"line":47},"3":{"name":"(anonymous_3)","decl":{"start":{"line":51,"column":2},"end":{"line":51,"column":3}},"loc":{"start":{"line":51,"column":25},"end":{"line":53,"column":3}},"line":51},"4":{"name":"(anonymous_4)","decl":{"start":{"line":55,"column":2},"end":{"line":55,"column":3}},"loc":{"start":{"line":55,"column":26},"end":{"line":57,"column":3}},"line":55},"5":{"name":"(anonymous_5)","decl":{"start":{"line":59,"column":2},"end":{"line":59,"column":3}},"loc":{"start":{"line":59,"column":43},"end":{"line":64,"column":3}},"line":59},"6":{"name":"(anonymous_6)","decl":{"start":{"line":66,"column":2},"end":{"line":66,"column":3}},"loc":{"start":{"line":66,"column":46},"end":{"line":71,"column":3}},"line":66},"7":{"name":"(anonymous_7)","decl":{"start":{"line":73,"column":2},"end":{"line":73,"column":3}},"loc":{"start":{"line":73,"column":41},"end":{"line":78,"column":3}},"line":73},"8":{"name":"(anonymous_8)","decl":{"start":{"line":80,"column":2},"end":{"line":80,"column":3}},"loc":{"start":{"line":80,"column":17},"end":{"line":115,"column":3}},"line":80},"9":{"name":"(anonymous_9)","decl":{"start":{"line":95,"column":14},"end":{"line":95,"column":15}},"loc":{"start":{"line":95,"column":28},"end":{"line":111,"column":7}},"line":95},"10":{"name":"(anonymous_10)","decl":{"start":{"line":111,"column":15},"end":{"line":111,"column":16}},"loc":{"start":{"line":111,"column":26},"end":{"line":113,"column":7}},"line":111},"11":{"name":"(anonymous_11)","decl":{"start":{"line":117,"column":2},"end":{"line":117,"column":3}},"loc":{"start":{"line":117,"column":11},"end":{"line":238,"column":3}},"line":117},"12":{"name":"FieldGroup","decl":{"start":{"line":246,"column":9},"end":{"line":246,"column":19}},"loc":{"start":{"line":246,"column":51},"end":{"line":254,"column":1}},"line":246}},"branchMap":{"0":{"loc":{"start":{"line":84,"column":4},"end":{"line":114,"column":5}},"type":"if","locations":[{"start":{"line":84,"column":4},"end":{"line":114,"column":5}},{"start":{"line":84,"column":4},"end":{"line":114,"column":5}}],"line":84},"1":{"loc":{"start":{"line":100,"column":8},"end":{"line":110,"column":9}},"type":"if","locations":[{"start":{"line":100,"column":8},"end":{"line":110,"column":9}},{"start":{"line":100,"column":8},"end":{"line":110,"column":9}}],"line":100},"2":{"loc":{"start":{"line":102,"column":15},"end":{"line":110,"column":9}},"type":"if","locations":[{"start":{"line":102,"column":15},"end":{"line":110,"column":9}},{"start":{"line":102,"column":15},"end":{"line":110,"column":9}}],"line":102},"3":{"loc":{"start":{"line":103,"column":10},"end":{"line":107,"column":11}},"type":"if","locations":[{"start":{"line":103,"column":10},"end":{"line":107,"column":11}},{"start":{"line":103,"column":10},"end":{"line":107,"column":11}}],"line":103},"4":{"loc":{"start":{"line":251,"column":7},"end":{"line":251,"column":44}},"type":"binary-expr","locations":[{"start":{"line":251,"column":7},"end":{"line":251,"column":11}},{"start":{"line":251,"column":15},"end":{"line":251,"column":44}}],"line":251}},"s":{"0":2,"1":1,"2":1,"3":1,"4":1,"5":1,"6":1,"7":1,"8":1,"9":1,"10":1,"11":1,"12":1,"13":1,"14":0,"15":0,"16":0,"17":0,"18":0,"19":0,"20":0,"21":0,"22":0,"23":0,"24":0,"25":0,"26":0,"27":0,"28":0,"29":0,"30":0,"31":0,"32":0,"33":1,"34":2,"35":1},"f":{"0":1,"1":0,"2":0,"3":0,"4":0,"5":0,"6":0,"7":0,"8":0,"9":0,"10":0,"11":1,"12":1},"b":{"0":[0,0],"1":[0,0],"2":[0,0],"3":[0,0],"4":[1,0]},"_coverageSchema":"332fd63041d2c1bcb487cc26dd0d5f7d97098a6c","hash":"f8b24c9ee61ccec40a8d175e36afe6d222d054dc"}
,"/Users/victorxu/Desktop/Courseworks/cs4156/project/Troopr/client/src/Components/CreateProfileView.jsx": {"path":"/Users/victorxu/Desktop/Courseworks/cs4156/project/Troopr/client/src/Components/CreateProfileView.jsx","statementMap":{"0":{"start":{"line":9,"column":0},"end":{"line":9,"column":43}},"1":{"start":{"line":13,"column":4},"end":{"line":13,"column":17}},"2":{"start":{"line":14,"column":4},"end":{"line":19,"column":6}},"3":{"start":{"line":20,"column":4},"end":{"line":20,"column":61}},"4":{"start":{"line":21,"column":4},"end":{"line":21,"column":65}},"5":{"start":{"line":22,"column":4},"end":{"line":22,"column":59}},"6":{"start":{"line":23,"column":4},"end":{"line":23,"column":55}},"7":{"start":{"line":24,"column":4},"end":{"line":24,"column":57}},"8":{"start":{"line":27,"column":4},"end":{"line":27,"column":44}},"9":{"start":{"line":31,"column":4},"end":{"line":31,"column":46}},"10":{"start":{"line":35,"column":4},"end":{"line":35,"column":43}},"11":{"start":{"line":39,"column":4},"end":{"line":48,"column":5}},"12":{"start":{"line":40,"column":6},"end":{"line":42,"column":7}},"13":{"start":{"line":41,"column":8},"end":{"line":41,"column":47}},"14":{"start":{"line":43,"column":11},"end":{"line":48,"column":5}},"15":{"start":{"line":44,"column":20},"end":{"line":44,"column":61}},"16":{"start":{"line":45,"column":6},"end":{"line":47,"column":7}},"17":{"start":{"line":46,"column":8},"end":{"line":46,"column":43}},"18":{"start":{"line":54,"column":4},"end":{"line":54,"column":23}},"19":{"start":{"line":66,"column":4},"end":{"line":83,"column":7}},"20":{"start":{"line":72,"column":6},"end":{"line":80,"column":7}},"21":{"start":{"line":73,"column":8},"end":{"line":73,"column":44}},"22":{"start":{"line":74,"column":13},"end":{"line":80,"column":7}},"23":{"start":{"line":75,"column":8},"end":{"line":79,"column":11}},"24":{"start":{"line":76,"column":10},"end":{"line":76,"column":39}},"25":{"start":{"line":78,"column":14},"end":{"line":78,"column":43}},"26":{"start":{"line":82,"column":6},"end":{"line":82,"column":25}},"27":{"start":{"line":87,"column":4},"end":{"line":135,"column":6}},"28":{"start":{"line":139,"column":0},"end":{"line":141,"column":2}},"29":{"start":{"line":146,"column":2},"end":{"line":152,"column":4}}},"fnMap":{"0":{"name":"(anonymous_0)","decl":{"start":{"line":12,"column":2},"end":{"line":12,"column":3}},"loc":{"start":{"line":12,"column":21},"end":{"line":25,"column":3}},"line":12},"1":{"name":"(anonymous_1)","decl":{"start":{"line":26,"column":2},"end":{"line":26,"column":3}},"loc":{"start":{"line":26,"column":22},"end":{"line":28,"column":3}},"line":26},"2":{"name":"(anonymous_2)","decl":{"start":{"line":30,"column":2},"end":{"line":30,"column":3}},"loc":{"start":{"line":30,"column":24},"end":{"line":32,"column":3}},"line":30},"3":{"name":"(anonymous_3)","decl":{"start":{"line":34,"column":2},"end":{"line":34,"column":3}},"loc":{"start":{"line":34,"column":21},"end":{"line":36,"column":3}},"line":34},"4":{"name":"(anonymous_4)","decl":{"start":{"line":38,"column":2},"end":{"line":38,"column":3}},"loc":{"start":{"line":38,"column":27},"end":{"line":49,"column":3}},"line":38},"5":{"name":"(anonymous_5)","decl":{"start":{"line":51,"column":2},"end":{"line":51,"column":3}},"loc":{"start":{"line":51,"column":19},"end":{"line":84,"column":3}},"line":51},"6":{"name":"(anonymous_6)","decl":{"start":{"line":71,"column":12},"end":{"line":71,"column":13}},"loc":{"start":{"line":71,"column":26},"end":{"line":81,"column":5}},"line":71},"7":{"name":"(anonymous_7)","decl":{"start":{"line":81,"column":13},"end":{"line":81,"column":14}},"loc":{"start":{"line":81,"column":24},"end":{"line":83,"column":5}},"line":81},"8":{"name":"(anonymous_8)","decl":{"start":{"line":86,"column":2},"end":{"line":86,"column":3}},"loc":{"start":{"line":86,"column":11},"end":{"line":136,"column":3}},"line":86},"9":{"name":"FieldGroup","decl":{"start":{"line":143,"column":9},"end":{"line":143,"column":19}},"loc":{"start":{"line":145,"column":3},"end":{"line":153,"column":1}},"line":145}},"branchMap":{"0":{"loc":{"start":{"line":39,"column":4},"end":{"line":48,"column":5}},"type":"if","locations":[{"start":{"line":39,"column":4},"end":{"line":48,"column":5}},{"start":{"line":39,"column":4},"end":{"line":48,"column":5}}],"line":39},"1":{"loc":{"start":{"line":40,"column":6},"end":{"line":42,"column":7}},"type":"if","locations":[{"start":{"line":40,"column":6},"end":{"line":42,"column":7}},{"start":{"line":40,"column":6},"end":{"line":42,"column":7}}],"line":40},"2":{"loc":{"start":{"line":43,"column":11},"end":{"line":48,"column":5}},"type":"if","locations":[{"start":{"line":43,"column":11},"end":{"line":48,"column":5}},{"start":{"line":43,"column":11},"end":{"line":48,"column":5}}],"line":43},"3":{"loc":{"start":{"line":45,"column":6},"end":{"line":47,"column":7}},"type":"if","locations":[{"start":{"line":45,"column":6},"end":{"line":47,"column":7}},{"start":{"line":45,"column":6},"end":{"line":47,"column":7}}],"line":45},"4":{"loc":{"start":{"line":72,"column":6},"end":{"line":80,"column":7}},"type":"if","locations":[{"start":{"line":72,"column":6},"end":{"line":80,"column":7}},{"start":{"line":72,"column":6},"end":{"line":80,"column":7}}],"line":72},"5":{"loc":{"start":{"line":74,"column":13},"end":{"line":80,"column":7}},"type":"if","locations":[{"start":{"line":74,"column":13},"end":{"line":80,"column":7}},{"start":{"line":74,"column":13},"end":{"line":80,"column":7}}],"line":74},"6":{"loc":{"start":{"line":75,"column":8},"end":{"line":79,"column":11}},"type":"if","locations":[{"start":{"line":75,"column":8},"end":{"line":79,"column":11}},{"start":{"line":75,"column":8},"end":{"line":79,"column":11}}],"line":75},"7":{"loc":{"start":{"line":150,"column":7},"end":{"line":150,"column":44}},"type":"binary-expr","locations":[{"start":{"line":150,"column":7},"end":{"line":150,"column":11}},{"start":{"line":150,"column":15},"end":{"line":150,"column":44}}],"line":150}},"s":{"0":2,"1":1,"2":1,"3":1,"4":1,"5":1,"6":1,"7":1,"8":0,"9":0,"10":0,"11":0,"12":0,"13":0,"14":0,"15":0,"16":0,"17":0,"18":0,"19":0,"20":0,"21":0,"22":0,"23":0,"24":0,"25":0,"26":0,"27":1,"28":2,"29":1},"f":{"0":1,"1":0,"2":0,"3":0,"4":0,"5":0,"6":0,"7":0,"8":1,"9":1},"b":{"0":[0,0],"1":[0,0],"2":[0,0],"3":[0,0],"4":[0,0],"5":[0,0],"6":[0,0],"7":[1,0]},"_coverageSchema":"332fd63041d2c1bcb487cc26dd0d5f7d97098a6c","hash":"db283da4d637c4405e0bd9507c121041561a21d9"}
,"/Users/victorxu/Desktop/Courseworks/cs4156/project/Troopr/client/src/Components/DashboardView.jsx": {"path":"/Users/victorxu/Desktop/Courseworks/cs4156/project/Troopr/client/src/Components/DashboardView.jsx","statementMap":{"0":{"start":{"line":10,"column":0},"end":{"line":10,"column":39}},"1":{"start":{"line":14,"column":4},"end":{"line":14,"column":17}},"2":{"start":{"line":15,"column":4},"end":{"line":18,"column":6}},"3":{"start":{"line":19,"column":4},"end":{"line":19,"column":63}},"4":{"start":{"line":20,"column":4},"end":{"line":20,"column":59}},"5":{"start":{"line":21,"column":4},"end":{"line":21,"column":63}},"6":{"start":{"line":25,"column":4},"end":{"line":41,"column":9}},"7":{"start":{"line":30,"column":8},"end":{"line":37,"column":9}},"8":{"start":{"line":32,"column":10},"end":{"line":32,"column":60}},"9":{"start":{"line":33,"column":15},"end":{"line":37,"column":9}},"10":{"start":{"line":34,"column":10},"end":{"line":34,"column":39}},"11":{"start":{"line":36,"column":12},"end":{"line":36,"column":41}},"12":{"start":{"line":40,"column":8},"end":{"line":40,"column":27}},"13":{"start":{"line":43,"column":4},"end":{"line":74,"column":9}},"14":{"start":{"line":47,"column":8},"end":{"line":70,"column":9}},"15":{"start":{"line":49,"column":27},"end":{"line":49,"column":47}},"16":{"start":{"line":50,"column":10},"end":{"line":63,"column":11}},"17":{"start":{"line":52,"column":25},"end":{"line":52,"column":71}},"18":{"start":{"line":53,"column":32},"end":{"line":53,"column":72}},"19":{"start":{"line":54,"column":12},"end":{"line":54,"column":50}},"20":{"start":{"line":56,"column":12},"end":{"line":56,"column":66}},"21":{"start":{"line":57,"column":12},"end":{"line":57,"column":69}},"22":{"start":{"line":58,"column":12},"end":{"line":58,"column":48}},"23":{"start":{"line":60,"column":12},"end":{"line":60,"column":79}},"24":{"start":{"line":61,"column":12},"end":{"line":61,"column":69}},"25":{"start":{"line":62,"column":12},"end":{"line":62,"column":61}},"26":{"start":{"line":65,"column":10},"end":{"line":65,"column":50}},"27":{"start":{"line":66,"column":15},"end":{"line":70,"column":9}},"28":{"start":{"line":67,"column":10},"end":{"line":67,"column":39}},"29":{"start":{"line":69,"column":12},"end":{"line":69,"column":41}},"30":{"start":{"line":73,"column":8},"end":{"line":73,"column":27}},"31":{"start":{"line":78,"column":4},"end":{"line":78,"column":40}},"32":{"start":{"line":82,"column":4},"end":{"line":82,"column":44}},"33":{"start":{"line":86,"column":4},"end":{"line":86,"column":45}},"34":{"start":{"line":90,"column":4},"end":{"line":130,"column":6}},"35":{"start":{"line":134,"column":0},"end":{"line":136,"column":2}}},"fnMap":{"0":{"name":"(anonymous_0)","decl":{"start":{"line":13,"column":2},"end":{"line":13,"column":3}},"loc":{"start":{"line":13,"column":21},"end":{"line":22,"column":3}},"line":13},"1":{"name":"(anonymous_1)","decl":{"start":{"line":24,"column":2},"end":{"line":24,"column":3}},"loc":{"start":{"line":24,"column":22},"end":{"line":75,"column":3}},"line":24},"2":{"name":"(anonymous_2)","decl":{"start":{"line":27,"column":12},"end":{"line":27,"column":13}},"loc":{"start":{"line":27,"column":26},"end":{"line":38,"column":7}},"line":27},"3":{"name":"(anonymous_3)","decl":{"start":{"line":39,"column":13},"end":{"line":39,"column":14}},"loc":{"start":{"line":39,"column":24},"end":{"line":41,"column":7}},"line":39},"4":{"name":"(anonymous_4)","decl":{"start":{"line":45,"column":12},"end":{"line":45,"column":13}},"loc":{"start":{"line":45,"column":26},"end":{"line":71,"column":7}},"line":45},"5":{"name":"(anonymous_5)","decl":{"start":{"line":72,"column":13},"end":{"line":72,"column":14}},"loc":{"start":{"line":72,"column":24},"end":{"line":74,"column":7}},"line":72},"6":{"name":"(anonymous_6)","decl":{"start":{"line":77,"column":2},"end":{"line":77,"column":3}},"loc":{"start":{"line":77,"column":22},"end":{"line":79,"column":3}},"line":77},"7":{"name":"(anonymous_7)","decl":{"start":{"line":81,"column":2},"end":{"line":81,"column":3}},"loc":{"start":{"line":81,"column":20},"end":{"line":83,"column":3}},"line":81},"8":{"name":"(anonymous_8)","decl":{"start":{"line":85,"column":2},"end":{"line":85,"column":3}},"loc":{"start":{"line":85,"column":22},"end":{"line":87,"column":3}},"line":85},"9":{"name":"(anonymous_9)","decl":{"start":{"line":89,"column":2},"end":{"line":89,"column":3}},"loc":{"start":{"line":89,"column":11},"end":{"line":131,"column":3}},"line":89}},"branchMap":{"0":{"loc":{"start":{"line":30,"column":8},"end":{"line":37,"column":9}},"type":"if","locations":[{"start":{"line":30,"column":8},"end":{"line":37,"column":9}},{"start":{"line":30,"column":8},"end":{"line":37,"column":9}}],"line":30},"1":{"loc":{"start":{"line":33,"column":15},"end":{"line":37,"column":9}},"type":"if","locations":[{"start":{"line":33,"column":15},"end":{"line":37,"column":9}},{"start":{"line":33,"column":15},"end":{"line":37,"column":9}}],"line":33},"2":{"loc":{"start":{"line":47,"column":8},"end":{"line":70,"column":9}},"type":"if","locations":[{"start":{"line":47,"column":8},"end":{"line":70,"column":9}},{"start":{"line":47,"column":8},"end":{"line":70,"column":9}}],"line":47},"3":{"loc":{"start":{"line":66,"column":15},"end":{"line":70,"column":9}},"type":"if","locations":[{"start":{"line":66,"column":15},"end":{"line":70,"column":9}},{"start":{"line":66,"column":15},"end":{"line":70,"column":9}}],"line":66}},"s":{"0":2,"1":1,"2":1,"3":1,"4":1,"5":1,"6":1,"7":0,"8":0,"9":0,"10":0,"11":0,"12":0,"13":1,"14":0,"15":0,"16":0,"17":0,"18":0,"19":0,"20":0,"21":0,"22":0,"23":0,"24":0,"25":0,"26":0,"27":0,"28":0,"29":0,"30":1,"31":0,"32":0,"33":0,"34":1,"35":2},"f":{"0":1,"1":1,"2":0,"3":0,"4":0,"5":1,"6":0,"7":0,"8":0,"9":1},"b":{"0":[0,0],"1":[0,0],"2":[0,0],"3":[0,0]},"_coverageSchema":"332fd63041d2c1bcb487cc26dd0d5f7d97098a6c","hash":"c30c222ea11fbcc508027be5b7c01704e1198a46"}
,"/Users/victorxu/Desktop/Courseworks/cs4156/project/Troopr/client/src/Components/EditProfileView.jsx": {"path":"/Users/victorxu/Desktop/Courseworks/cs4156/project/Troopr/client/src/Components/EditProfileView.jsx","statementMap":{"0":{"start":{"line":8,"column":0},"end":{"line":8,"column":43}},"1":{"start":{"line":12,"column":4},"end":{"line":12,"column":17}},"2":{"start":{"line":13,"column":4},"end":{"line":18,"column":6}},"3":{"start":{"line":19,"column":4},"end":{"line":19,"column":61}},"4":{"start":{"line":20,"column":4},"end":{"line":20,"column":65}},"5":{"start":{"line":21,"column":4},"end":{"line":21,"column":59}},"6":{"start":{"line":22,"column":4},"end":{"line":22,"column":51}},"7":{"start":{"line":23,"column":4},"end":{"line":23,"column":57}},"8":{"start":{"line":27,"column":4},"end":{"line":55,"column":9}},"9":{"start":{"line":30,"column":8},"end":{"line":50,"column":9}},"10":{"start":{"line":31,"column":10},"end":{"line":36,"column":13}},"11":{"start":{"line":42,"column":10},"end":{"line":48,"column":11}},"12":{"start":{"line":43,"column":12},"end":{"line":47,"column":13}},"13":{"start":{"line":44,"column":14},"end":{"line":44,"column":43}},"14":{"start":{"line":46,"column":16},"end":{"line":46,"column":45}},"15":{"start":{"line":49,"column":10},"end":{"line":49,"column":33}},"16":{"start":{"line":53,"column":8},"end":{"line":53,"column":27}},"17":{"start":{"line":54,"column":8},"end":{"line":54,"column":31}},"18":{"start":{"line":59,"column":4},"end":{"line":59,"column":44}},"19":{"start":{"line":63,"column":4},"end":{"line":63,"column":46}},"20":{"start":{"line":67,"column":4},"end":{"line":67,"column":43}},"21":{"start":{"line":73,"column":4},"end":{"line":73,"column":23}},"22":{"start":{"line":80,"column":4},"end":{"line":99,"column":9}},"23":{"start":{"line":91,"column":8},"end":{"line":95,"column":9}},"24":{"start":{"line":92,"column":10},"end":{"line":92,"column":46}},"25":{"start":{"line":94,"column":10},"end":{"line":94,"column":42}},"26":{"start":{"line":98,"column":8},"end":{"line":98,"column":27}},"27":{"start":{"line":104,"column":4},"end":{"line":113,"column":5}},"28":{"start":{"line":105,"column":6},"end":{"line":107,"column":7}},"29":{"start":{"line":106,"column":8},"end":{"line":106,"column":47}},"30":{"start":{"line":108,"column":11},"end":{"line":113,"column":5}},"31":{"start":{"line":109,"column":20},"end":{"line":109,"column":61}},"32":{"start":{"line":110,"column":6},"end":{"line":112,"column":7}},"33":{"start":{"line":111,"column":8},"end":{"line":111,"column":43}},"34":{"start":{"line":115,"column":4},"end":{"line":115,"column":23}},"35":{"start":{"line":119,"column":4},"end":{"line":169,"column":6}},"36":{"start":{"line":173,"column":0},"end":{"line":175,"column":2}},"37":{"start":{"line":179,"column":2},"end":{"line":185,"column":4}}},"fnMap":{"0":{"name":"(anonymous_0)","decl":{"start":{"line":11,"column":2},"end":{"line":11,"column":3}},"loc":{"start":{"line":11,"column":21},"end":{"line":24,"column":3}},"line":11},"1":{"name":"(anonymous_1)","decl":{"start":{"line":26,"column":2},"end":{"line":26,"column":3}},"loc":{"start":{"line":26,"column":22},"end":{"line":56,"column":3}},"line":26},"2":{"name":"(anonymous_2)","decl":{"start":{"line":29,"column":12},"end":{"line":29,"column":13}},"loc":{"start":{"line":29,"column":26},"end":{"line":51,"column":7}},"line":29},"3":{"name":"(anonymous_3)","decl":{"start":{"line":52,"column":13},"end":{"line":52,"column":14}},"loc":{"start":{"line":52,"column":24},"end":{"line":55,"column":7}},"line":52},"4":{"name":"(anonymous_4)","decl":{"start":{"line":58,"column":2},"end":{"line":58,"column":3}},"loc":{"start":{"line":58,"column":22},"end":{"line":60,"column":3}},"line":58},"5":{"name":"(anonymous_5)","decl":{"start":{"line":62,"column":2},"end":{"line":62,"column":3}},"loc":{"start":{"line":62,"column":24},"end":{"line":64,"column":3}},"line":62},"6":{"name":"(anonymous_6)","decl":{"start":{"line":66,"column":2},"end":{"line":66,"column":3}},"loc":{"start":{"line":66,"column":21},"end":{"line":68,"column":3}},"line":66},"7":{"name":"(anonymous_7)","decl":{"start":{"line":70,"column":2},"end":{"line":70,"column":3}},"loc":{"start":{"line":70,"column":17},"end":{"line":100,"column":3}},"line":70},"8":{"name":"(anonymous_8)","decl":{"start":{"line":86,"column":12},"end":{"line":86,"column":13}},"loc":{"start":{"line":86,"column":26},"end":{"line":96,"column":7}},"line":86},"9":{"name":"(anonymous_9)","decl":{"start":{"line":97,"column":13},"end":{"line":97,"column":14}},"loc":{"start":{"line":97,"column":24},"end":{"line":99,"column":7}},"line":97},"10":{"name":"(anonymous_10)","decl":{"start":{"line":102,"column":2},"end":{"line":102,"column":3}},"loc":{"start":{"line":102,"column":27},"end":{"line":116,"column":3}},"line":102},"11":{"name":"(anonymous_11)","decl":{"start":{"line":118,"column":2},"end":{"line":118,"column":3}},"loc":{"start":{"line":118,"column":11},"end":{"line":170,"column":3}},"line":118},"12":{"name":"FieldGroup","decl":{"start":{"line":178,"column":9},"end":{"line":178,"column":19}},"loc":{"start":{"line":178,"column":51},"end":{"line":186,"column":1}},"line":178}},"branchMap":{"0":{"loc":{"start":{"line":30,"column":8},"end":{"line":50,"column":9}},"type":"if","locations":[{"start":{"line":30,"column":8},"end":{"line":50,"column":9}},{"start":{"line":30,"column":8},"end":{"line":50,"column":9}}],"line":30},"1":{"loc":{"start":{"line":42,"column":10},"end":{"line":48,"column":11}},"type":"if","locations":[{"start":{"line":42,"column":10},"end":{"line":48,"column":11}},{"start":{"line":42,"column":10},"end":{"line":48,"column":11}}],"line":42},"2":{"loc":{"start":{"line":43,"column":12},"end":{"line":47,"column":13}},"type":"if","locations":[{"start":{"line":43,"column":12},"end":{"line":47,"column":13}},{"start":{"line":43,"column":12},"end":{"line":47,"column":13}}],"line":43},"3":{"loc":{"start":{"line":91,"column":8},"end":{"line":95,"column":9}},"type":"if","locations":[{"start":{"line":91,"column":8},"end":{"line":95,"column":9}},{"start":{"line":91,"column":8},"end":{"line":95,"column":9}}],"line":91},"4":{"loc":{"start":{"line":104,"column":4},"end":{"line":113,"column":5}},"type":"if","locations":[{"start":{"line":104,"column":4},"end":{"line":113,"column":5}},{"start":{"line":104,"column":4},"end":{"line":113,"column":5}}],"line":104},"5":{"loc":{"start":{"line":105,"column":6},"end":{"line":107,"column":7}},"type":"if","locations":[{"start":{"line":105,"column":6},"end":{"line":107,"column":7}},{"start":{"line":105,"column":6},"end":{"line":107,"column":7}}],"line":105},"6":{"loc":{"start":{"line":108,"column":11},"end":{"line":113,"column":5}},"type":"if","locations":[{"start":{"line":108,"column":11},"end":{"line":113,"column":5}},{"start":{"line":108,"column":11},"end":{"line":113,"column":5}}],"line":108},"7":{"loc":{"start":{"line":110,"column":6},"end":{"line":112,"column":7}},"type":"if","locations":[{"start":{"line":110,"column":6},"end":{"line":112,"column":7}},{"start":{"line":110,"column":6},"end":{"line":112,"column":7}}],"line":110},"8":{"loc":{"start":{"line":183,"column":7},"end":{"line":183,"column":44}},"type":"binary-expr","locations":[{"start":{"line":183,"column":7},"end":{"line":183,"column":11}},{"start":{"line":183,"column":15},"end":{"line":183,"column":44}}],"line":183}},"s":{"0":2,"1":1,"2":1,"3":1,"4":1,"5":1,"6":1,"7":1,"8":1,"9":0,"10":0,"11":0,"12":0,"13":0,"14":0,"15":0,"16":1,"17":1,"18":0,"19":0,"20":0,"21":0,"22":0,"23":0,"24":0,"25":0,"26":0,"27":0,"28":0,"29":0,"30":0,"31":0,"32":0,"33":0,"34":0,"35":1,"36":2,"37":1},"f":{"0":1,"1":1,"2":0,"3":1,"4":0,"5":0,"6":0,"7":0,"8":0,"9":0,"10":0,"11":1,"12":1},"b":{"0":[0,0],"1":[0,0],"2":[0,0],"3":[0,0],"4":[0,0],"5":[0,0],"6":[0,0],"7":[0,0],"8":[1,0]},"_coverageSchema":"332fd63041d2c1bcb487cc26dd0d5f7d97098a6c","hash":"544b0a9846e75bb059392b1813c9be9c5c2a5e50"}
,"/Users/victorxu/Desktop/Courseworks/cs4156/project/Troopr/client/src/Components/EventsList.jsx": {"path":"/Users/victorxu/Desktop/Courseworks/cs4156/project/Troopr/client/src/Components/EventsList.jsx","statementMap":{"0":{"start":{"line":7,"column":0},"end":{"line":7,"column":35}},"1":{"start":{"line":11,"column":4},"end":{"line":11,"column":17}},"2":{"start":{"line":13,"column":4},"end":{"line":15,"column":6}},"3":{"start":{"line":17,"column":4},"end":{"line":17,"column":47}},"4":{"start":{"line":18,"column":4},"end":{"line":18,"column":47}},"5":{"start":{"line":19,"column":4},"end":{"line":19,"column":47}},"6":{"start":{"line":23,"column":4},"end":{"line":23,"column":23}},"7":{"start":{"line":24,"column":4},"end":{"line":24,"column":38}},"8":{"start":{"line":28,"column":4},"end":{"line":30,"column":7}},"9":{"start":{"line":36,"column":4},"end":{"line":38,"column":5}},"10":{"start":{"line":37,"column":6},"end":{"line":37,"column":25}},"11":{"start":{"line":41,"column":4},"end":{"line":56,"column":9}},"12":{"start":{"line":48,"column":8},"end":{"line":52,"column":9}},"13":{"start":{"line":49,"column":10},"end":{"line":49,"column":48}},"14":{"start":{"line":51,"column":10},"end":{"line":51,"column":39}},"15":{"start":{"line":55,"column":8},"end":{"line":55,"column":27}},"16":{"start":{"line":60,"column":22},"end":{"line":100,"column":6}},"17":{"start":{"line":61,"column":6},"end":{"line":99,"column":11}},"18":{"start":{"line":63,"column":61},"end":{"line":63,"column":85}},"19":{"start":{"line":102,"column":4},"end":{"line":104,"column":6}},"20":{"start":{"line":108,"column":0},"end":{"line":111,"column":2}}},"fnMap":{"0":{"name":"(anonymous_0)","decl":{"start":{"line":10,"column":2},"end":{"line":10,"column":3}},"loc":{"start":{"line":10,"column":21},"end":{"line":20,"column":3}},"line":10},"1":{"name":"(anonymous_1)","decl":{"start":{"line":22,"column":2},"end":{"line":22,"column":3}},"loc":{"start":{"line":22,"column":22},"end":{"line":25,"column":3}},"line":22},"2":{"name":"(anonymous_2)","decl":{"start":{"line":27,"column":2},"end":{"line":27,"column":3}},"loc":{"start":{"line":27,"column":14},"end":{"line":31,"column":3}},"line":27},"3":{"name":"(anonymous_3)","decl":{"start":{"line":33,"column":2},"end":{"line":33,"column":3}},"loc":{"start":{"line":33,"column":15},"end":{"line":57,"column":3}},"line":33},"4":{"name":"(anonymous_4)","decl":{"start":{"line":44,"column":12},"end":{"line":44,"column":13}},"loc":{"start":{"line":44,"column":26},"end":{"line":53,"column":7}},"line":44},"5":{"name":"(anonymous_5)","decl":{"start":{"line":54,"column":13},"end":{"line":54,"column":14}},"loc":{"start":{"line":54,"column":24},"end":{"line":56,"column":7}},"line":54},"6":{"name":"(anonymous_6)","decl":{"start":{"line":59,"column":2},"end":{"line":59,"column":3}},"loc":{"start":{"line":59,"column":11},"end":{"line":105,"column":3}},"line":59},"7":{"name":"(anonymous_7)","decl":{"start":{"line":60,"column":44},"end":{"line":60,"column":45}},"loc":{"start":{"line":61,"column":6},"end":{"line":99,"column":11}},"line":61},"8":{"name":"(anonymous_8)","decl":{"start":{"line":63,"column":56},"end":{"line":63,"column":57}},"loc":{"start":{"line":63,"column":61},"end":{"line":63,"column":85}},"line":63}},"branchMap":{"0":{"loc":{"start":{"line":36,"column":4},"end":{"line":38,"column":5}},"type":"if","locations":[{"start":{"line":36,"column":4},"end":{"line":38,"column":5}},{"start":{"line":36,"column":4},"end":{"line":38,"column":5}}],"line":36},"1":{"loc":{"start":{"line":48,"column":8},"end":{"line":52,"column":9}},"type":"if","locations":[{"start":{"line":48,"column":8},"end":{"line":52,"column":9}},{"start":{"line":48,"column":8},"end":{"line":52,"column":9}}],"line":48},"2":{"loc":{"start":{"line":76,"column":13},"end":{"line":76,"column":93}},"type":"cond-expr","locations":[{"start":{"line":76,"column":50},"end":{"line":76,"column":82}},{"start":{"line":76,"column":87},"end":{"line":76,"column":92}}],"line":76},"3":{"loc":{"start":{"line":78,"column":13},"end":{"line":78,"column":85}},"type":"cond-expr","locations":[{"start":{"line":78,"column":50},"end":{"line":78,"column":74}},{"start":{"line":78,"column":79},"end":{"line":78,"column":84}}],"line":78},"4":{"loc":{"start":{"line":80,"column":13},"end":{"line":80,"column":83}},"type":"cond-expr","locations":[{"start":{"line":80,"column":50},"end":{"line":80,"column":72}},{"start":{"line":80,"column":77},"end":{"line":80,"column":82}}],"line":80},"5":{"loc":{"start":{"line":82,"column":13},"end":{"line":82,"column":96}},"type":"cond-expr","locations":[{"start":{"line":82,"column":50},"end":{"line":82,"column":85}},{"start":{"line":82,"column":90},"end":{"line":82,"column":95}}],"line":82},"6":{"loc":{"start":{"line":84,"column":13},"end":{"line":85,"column":21}},"type":"cond-expr","locations":[{"start":{"line":84,"column":50},"end":{"line":84,"column":77}},{"start":{"line":85,"column":15},"end":{"line":85,"column":20}}],"line":84},"7":{"loc":{"start":{"line":87,"column":13},"end":{"line":87,"column":87}},"type":"cond-expr","locations":[{"start":{"line":87,"column":50},"end":{"line":87,"column":76}},{"start":{"line":87,"column":81},"end":{"line":87,"column":86}}],"line":87},"8":{"loc":{"start":{"line":89,"column":13},"end":{"line":89,"column":79}},"type":"cond-expr","locations":[{"start":{"line":89,"column":50},"end":{"line":89,"column":68}},{"start":{"line":89,"column":73},"end":{"line":89,"column":78}}],"line":89},"9":{"loc":{"start":{"line":91,"column":13},"end":{"line":91,"column":79}},"type":"cond-expr","locations":[{"start":{"line":91,"column":50},"end":{"line":91,"column":68}},{"start":{"line":91,"column":73},"end":{"line":91,"column":78}}],"line":91}},"s":{"0":3,"1":2,"2":2,"3":2,"4":2,"5":2,"6":0,"7":0,"8":0,"9":0,"10":0,"11":0,"12":0,"13":0,"14":0,"15":0,"16":2,"17":0,"18":0,"19":2,"20":3},"f":{"0":2,"1":0,"2":0,"3":0,"4":0,"5":0,"6":2,"7":0,"8":0},"b":{"0":[0,0],"1":[0,0],"2":[0,0],"3":[0,0],"4":[0,0],"5":[0,0],"6":[0,0],"7":[0,0],"8":[0,0],"9":[0,0]},"_coverageSchema":"332fd63041d2c1bcb487cc26dd0d5f7d97098a6c","hash":"a47c1e2fa6efee6a07ef01bf9e9ac349aabd67e9"}
,"/Users/victorxu/Desktop/Courseworks/cs4156/project/Troopr/client/src/Components/EventsView.jsx": {"path":"/Users/victorxu/Desktop/Courseworks/cs4156/project/Troopr/client/src/Components/EventsView.jsx","statementMap":{"0":{"start":{"line":8,"column":0},"end":{"line":8,"column":36}},"1":{"start":{"line":12,"column":4},"end":{"line":12,"column":17}},"2":{"start":{"line":14,"column":4},"end":{"line":18,"column":6}},"3":{"start":{"line":23,"column":14},"end":{"line":23,"column":16}},"4":{"start":{"line":24,"column":4},"end":{"line":24,"column":38}},"5":{"start":{"line":25,"column":4},"end":{"line":25,"column":34}},"6":{"start":{"line":26,"column":4},"end":{"line":28,"column":5}},"7":{"start":{"line":27,"column":6},"end":{"line":27,"column":46}},"8":{"start":{"line":31,"column":4},"end":{"line":64,"column":9}},"9":{"start":{"line":36,"column":8},"end":{"line":60,"column":9}},"10":{"start":{"line":38,"column":27},"end":{"line":38,"column":47}},"11":{"start":{"line":39,"column":10},"end":{"line":52,"column":11}},"12":{"start":{"line":41,"column":25},"end":{"line":41,"column":71}},"13":{"start":{"line":42,"column":32},"end":{"line":42,"column":72}},"14":{"start":{"line":43,"column":12},"end":{"line":43,"column":50}},"15":{"start":{"line":45,"column":12},"end":{"line":45,"column":66}},"16":{"start":{"line":46,"column":12},"end":{"line":46,"column":69}},"17":{"start":{"line":47,"column":12},"end":{"line":47,"column":48}},"18":{"start":{"line":49,"column":12},"end":{"line":49,"column":79}},"19":{"start":{"line":50,"column":12},"end":{"line":50,"column":69}},"20":{"start":{"line":51,"column":12},"end":{"line":51,"column":61}},"21":{"start":{"line":54,"column":10},"end":{"line":54,"column":46}},"22":{"start":{"line":59,"column":10},"end":{"line":59,"column":39}},"23":{"start":{"line":63,"column":8},"end":{"line":63,"column":27}},"24":{"start":{"line":68,"column":4},"end":{"line":86,"column":6}},"25":{"start":{"line":90,"column":0},"end":{"line":92,"column":2}}},"fnMap":{"0":{"name":"(anonymous_0)","decl":{"start":{"line":11,"column":2},"end":{"line":11,"column":3}},"loc":{"start":{"line":11,"column":21},"end":{"line":19,"column":3}},"line":11},"1":{"name":"(anonymous_1)","decl":{"start":{"line":21,"column":2},"end":{"line":21,"column":3}},"loc":{"start":{"line":21,"column":22},"end":{"line":65,"column":3}},"line":21},"2":{"name":"(anonymous_2)","decl":{"start":{"line":34,"column":12},"end":{"line":34,"column":13}},"loc":{"start":{"line":34,"column":26},"end":{"line":61,"column":7}},"line":34},"3":{"name":"(anonymous_3)","decl":{"start":{"line":62,"column":13},"end":{"line":62,"column":14}},"loc":{"start":{"line":62,"column":24},"end":{"line":64,"column":7}},"line":62},"4":{"name":"(anonymous_4)","decl":{"start":{"line":67,"column":2},"end":{"line":67,"column":3}},"loc":{"start":{"line":67,"column":11},"end":{"line":87,"column":3}},"line":67}},"branchMap":{"0":{"loc":{"start":{"line":26,"column":4},"end":{"line":28,"column":5}},"type":"if","locations":[{"start":{"line":26,"column":4},"end":{"line":28,"column":5}},{"start":{"line":26,"column":4},"end":{"line":28,"column":5}}],"line":26},"1":{"loc":{"start":{"line":36,"column":8},"end":{"line":60,"column":9}},"type":"if","locations":[{"start":{"line":36,"column":8},"end":{"line":60,"column":9}},{"start":{"line":36,"column":8},"end":{"line":60,"column":9}}],"line":36}},"s":{"0":2,"1":1,"2":1,"3":1,"4":1,"5":1,"6":1,"7":0,"8":1,"9":0,"10":0,"11":0,"12":0,"13":0,"14":0,"15":0,"16":0,"17":0,"18":0,"19":0,"20":0,"21":0,"22":0,"23":1,"24":1,"25":2},"f":{"0":1,"1":1,"2":0,"3":1,"4":1},"b":{"0":[0,1],"1":[0,0]},"_coverageSchema":"332fd63041d2c1bcb487cc26dd0d5f7d97098a6c","hash":"e25775652c00faa4f30dae5935858c96192ff249"}
,"/Users/victorxu/Desktop/Courseworks/cs4156/project/Troopr/client/src/Components/HeaderView.jsx": {"path":"/Users/victorxu/Desktop/Courseworks/cs4156/project/Troopr/client/src/Components/HeaderView.jsx","statementMap":{"0":{"start":{"line":7,"column":0},"end":{"line":7,"column":36}},"1":{"start":{"line":11,"column":4},"end":{"line":11,"column":17}},"2":{"start":{"line":13,"column":4},"end":{"line":19,"column":6}},"3":{"start":{"line":20,"column":4},"end":{"line":20,"column":41}},"4":{"start":{"line":21,"column":4},"end":{"line":21,"column":45}},"5":{"start":{"line":22,"column":4},"end":{"line":22,"column":65}},"6":{"start":{"line":23,"column":4},"end":{"line":23,"column":63}},"7":{"start":{"line":24,"column":4},"end":{"line":24,"column":69}},"8":{"start":{"line":25,"column":4},"end":{"line":25,"column":47}},"9":{"start":{"line":26,"column":4},"end":{"line":26,"column":47}},"10":{"start":{"line":27,"column":4},"end":{"line":27,"column":51}},"11":{"start":{"line":28,"column":4},"end":{"line":28,"column":63}},"12":{"start":{"line":29,"column":4},"end":{"line":29,"column":49}},"13":{"start":{"line":33,"column":4},"end":{"line":33,"column":91}},"14":{"start":{"line":44,"column":4},"end":{"line":44,"column":64}},"15":{"start":{"line":48,"column":4},"end":{"line":48,"column":23}},"16":{"start":{"line":49,"column":22},"end":{"line":49,"column":76}},"17":{"start":{"line":50,"column":4},"end":{"line":50,"column":45}},"18":{"start":{"line":54,"column":4},"end":{"line":54,"column":60}},"19":{"start":{"line":58,"column":4},"end":{"line":58,"column":63}},"20":{"start":{"line":63,"column":4},"end":{"line":68,"column":5}},"21":{"start":{"line":65,"column":6},"end":{"line":65,"column":33}},"22":{"start":{"line":67,"column":6},"end":{"line":67,"column":25}},"23":{"start":{"line":72,"column":4},"end":{"line":76,"column":5}},"24":{"start":{"line":73,"column":6},"end":{"line":73,"column":23}},"25":{"start":{"line":75,"column":6},"end":{"line":75,"column":23}},"26":{"start":{"line":81,"column":4},"end":{"line":81,"column":49}},"27":{"start":{"line":86,"column":4},"end":{"line":89,"column":7}},"28":{"start":{"line":93,"column":4},"end":{"line":93,"column":40}},"29":{"start":{"line":99,"column":4},"end":{"line":99,"column":23}},"30":{"start":{"line":106,"column":4},"end":{"line":120,"column":7}},"31":{"start":{"line":111,"column":6},"end":{"line":117,"column":7}},"32":{"start":{"line":113,"column":8},"end":{"line":113,"column":39}},"33":{"start":{"line":116,"column":8},"end":{"line":116,"column":42}},"34":{"start":{"line":119,"column":6},"end":{"line":119,"column":25}},"35":{"start":{"line":124,"column":4},"end":{"line":128,"column":5}},"36":{"start":{"line":125,"column":6},"end":{"line":125,"column":28}},"37":{"start":{"line":127,"column":6},"end":{"line":127,"column":37}},"38":{"start":{"line":132,"column":4},"end":{"line":198,"column":6}},"39":{"start":{"line":202,"column":0},"end":{"line":206,"column":2}}},"fnMap":{"0":{"name":"(anonymous_0)","decl":{"start":{"line":10,"column":2},"end":{"line":10,"column":3}},"loc":{"start":{"line":10,"column":21},"end":{"line":30,"column":3}},"line":10},"1":{"name":"(anonymous_1)","decl":{"start":{"line":32,"column":2},"end":{"line":32,"column":3}},"loc":{"start":{"line":32,"column":38},"end":{"line":34,"column":3}},"line":32},"2":{"name":"(anonymous_2)","decl":{"start":{"line":43,"column":2},"end":{"line":43,"column":3}},"loc":{"start":{"line":43,"column":24},"end":{"line":45,"column":3}},"line":43},"3":{"name":"(anonymous_3)","decl":{"start":{"line":47,"column":2},"end":{"line":47,"column":3}},"loc":{"start":{"line":47,"column":14},"end":{"line":51,"column":3}},"line":47},"4":{"name":"(anonymous_4)","decl":{"start":{"line":53,"column":2},"end":{"line":53,"column":3}},"loc":{"start":{"line":53,"column":23},"end":{"line":55,"column":3}},"line":53},"5":{"name":"(anonymous_5)","decl":{"start":{"line":57,"column":2},"end":{"line":57,"column":3}},"loc":{"start":{"line":57,"column":26},"end":{"line":59,"column":3}},"line":57},"6":{"name":"(anonymous_6)","decl":{"start":{"line":61,"column":2},"end":{"line":61,"column":3}},"loc":{"start":{"line":61,"column":22},"end":{"line":69,"column":3}},"line":61},"7":{"name":"(anonymous_7)","decl":{"start":{"line":71,"column":2},"end":{"line":71,"column":3}},"loc":{"start":{"line":71,"column":16},"end":{"line":77,"column":3}},"line":71},"8":{"name":"(anonymous_8)","decl":{"start":{"line":79,"column":2},"end":{"line":79,"column":3}},"loc":{"start":{"line":79,"column":14},"end":{"line":82,"column":3}},"line":79},"9":{"name":"(anonymous_9)","decl":{"start":{"line":84,"column":2},"end":{"line":84,"column":3}},"loc":{"start":{"line":84,"column":14},"end":{"line":90,"column":3}},"line":84},"10":{"name":"(anonymous_10)","decl":{"start":{"line":92,"column":2},"end":{"line":92,"column":3}},"loc":{"start":{"line":92,"column":15},"end":{"line":94,"column":3}},"line":92},"11":{"name":"(anonymous_11)","decl":{"start":{"line":96,"column":2},"end":{"line":96,"column":3}},"loc":{"start":{"line":96,"column":12},"end":{"line":121,"column":3}},"line":96},"12":{"name":"(anonymous_12)","decl":{"start":{"line":109,"column":12},"end":{"line":109,"column":13}},"loc":{"start":{"line":109,"column":26},"end":{"line":118,"column":5}},"line":109},"13":{"name":"(anonymous_13)","decl":{"start":{"line":118,"column":13},"end":{"line":118,"column":14}},"loc":{"start":{"line":118,"column":24},"end":{"line":120,"column":5}},"line":118},"14":{"name":"(anonymous_14)","decl":{"start":{"line":123,"column":2},"end":{"line":123,"column":3}},"loc":{"start":{"line":123,"column":15},"end":{"line":129,"column":3}},"line":123},"15":{"name":"(anonymous_15)","decl":{"start":{"line":131,"column":2},"end":{"line":131,"column":3}},"loc":{"start":{"line":131,"column":11},"end":{"line":199,"column":3}},"line":131}},"branchMap":{"0":{"loc":{"start":{"line":49,"column":22},"end":{"line":49,"column":76}},"type":"cond-expr","locations":[{"start":{"line":49,"column":47},"end":{"line":49,"column":67}},{"start":{"line":49,"column":70},"end":{"line":49,"column":76}}],"line":49},"1":{"loc":{"start":{"line":63,"column":4},"end":{"line":68,"column":5}},"type":"if","locations":[{"start":{"line":63,"column":4},"end":{"line":68,"column":5}},{"start":{"line":63,"column":4},"end":{"line":68,"column":5}}],"line":63},"2":{"loc":{"start":{"line":72,"column":4},"end":{"line":76,"column":5}},"type":"if","locations":[{"start":{"line":72,"column":4},"end":{"line":76,"column":5}},{"start":{"line":72,"column":4},"end":{"line":76,"column":5}}],"line":72},"3":{"loc":{"start":{"line":111,"column":6},"end":{"line":117,"column":7}},"type":"if","locations":[{"start":{"line":111,"column":6},"end":{"line":117,"column":7}},{"start":{"line":111,"column":6},"end":{"line":117,"column":7}}],"line":111},"4":{"loc":{"start":{"line":124,"column":4},"end":{"line":128,"column":5}},"type":"if","locations":[{"start":{"line":124,"column":4},"end":{"line":128,"column":5}},{"start":{"line":124,"column":4},"end":{"line":128,"column":5}}],"line":124},"5":{"loc":{"start":{"line":156,"column":17},"end":{"line":156,"column":59}},"type":"cond-expr","locations":[{"start":{"line":156,"column":41},"end":{"line":156,"column":49}},{"start":{"line":156,"column":52},"end":{"line":156,"column":59}}],"line":156}},"s":{"0":2,"1":2,"2":2,"3":2,"4":2,"5":2,"6":2,"7":2,"8":2,"9":2,"10":2,"11":2,"12":2,"13":1,"14":0,"15":0,"16":0,"17":0,"18":0,"19":0,"20":0,"21":0,"22":0,"23":0,"24":0,"25":0,"26":0,"27":0,"28":0,"29":0,"30":0,"31":0,"32":0,"33":0,"34":0,"35":0,"36":0,"37":0,"38":3,"39":2},"f":{"0":2,"1":1,"2":0,"3":0,"4":0,"5":0,"6":0,"7":0,"8":0,"9":0,"10":0,"11":0,"12":0,"13":0,"14":0,"15":3},"b":{"0":[0,0],"1":[0,0],"2":[0,0],"3":[0,0],"4":[0,0],"5":[1,2]},"_coverageSchema":"332fd63041d2c1bcb487cc26dd0d5f7d97098a6c","hash":"afc89e682b40ddfa6765c36b309e5bcf50fd581a"}
,"/Users/victorxu/Desktop/Courseworks/cs4156/project/Troopr/client/src/Components/HomeView.jsx": {"path":"/Users/victorxu/Desktop/Courseworks/cs4156/project/Troopr/client/src/Components/HomeView.jsx","statementMap":{"0":{"start":{"line":3,"column":0},"end":{"line":3,"column":38}},"1":{"start":{"line":4,"column":0},"end":{"line":4,"column":34}},"2":{"start":{"line":8,"column":4},"end":{"line":8,"column":17}},"3":{"start":{"line":9,"column":4},"end":{"line":12,"column":6}},"4":{"start":{"line":16,"column":4},"end":{"line":48,"column":6}}},"fnMap":{"0":{"name":"(anonymous_0)","decl":{"start":{"line":7,"column":2},"end":{"line":7,"column":3}},"loc":{"start":{"line":7,"column":21},"end":{"line":13,"column":3}},"line":7},"1":{"name":"(anonymous_1)","decl":{"start":{"line":15,"column":2},"end":{"line":15,"column":3}},"loc":{"start":{"line":15,"column":11},"end":{"line":49,"column":3}},"line":15}},"branchMap":{},"s":{"0":1,"1":1,"2":1,"3":1,"4":1},"f":{"0":1,"1":1},"b":{},"_coverageSchema":"332fd63041d2c1bcb487cc26dd0d5f7d97098a6c","hash":"9bc158df0479ea576340f9346818ab416ed498f5"}
,"/Users/victorxu/Desktop/Courseworks/cs4156/project/Troopr/client/src/Components/Main.jsx": {"path":"/Users/victorxu/Desktop/Courseworks/cs4156/project/Troopr/client/src/Components/Main.jsx","statementMap":{"0":{"start":{"line":16,"column":0},"end":{"line":16,"column":30}},"1":{"start":{"line":20,"column":4},"end":{"line":20,"column":17}},"2":{"start":{"line":21,"column":4},"end":{"line":23,"column":6}},"3":{"start":{"line":25,"column":4},"end":{"line":25,"column":41}},"4":{"start":{"line":26,"column":4},"end":{"line":26,"column":55}},"5":{"start":{"line":27,"column":4},"end":{"line":27,"column":41}},"6":{"start":{"line":31,"column":4},"end":{"line":31,"column":25}},"7":{"start":{"line":35,"column":4},"end":{"line":35,"column":51}},"8":{"start":{"line":39,"column":4},"end":{"line":39,"column":54}},"9":{"start":{"line":43,"column":4},"end":{"line":50,"column":9}},"10":{"start":{"line":46,"column":8},"end":{"line":46,"column":59}},"11":{"start":{"line":48,"column":8},"end":{"line":48,"column":27}},"12":{"start":{"line":49,"column":8},"end":{"line":49,"column":49}},"13":{"start":{"line":54,"column":4},"end":{"line":65,"column":9}},"14":{"start":{"line":56,"column":8},"end":{"line":61,"column":9}},"15":{"start":{"line":57,"column":10},"end":{"line":57,"column":32}},"16":{"start":{"line":58,"column":10},"end":{"line":58,"column":47}},"17":{"start":{"line":60,"column":10},"end":{"line":60,"column":42}},"18":{"start":{"line":63,"column":8},"end":{"line":63,"column":40}},"19":{"start":{"line":64,"column":8},"end":{"line":64,"column":27}},"20":{"start":{"line":69,"column":4},"end":{"line":69,"column":23}},"21":{"start":{"line":73,"column":4},"end":{"line":148,"column":6}},"22":{"start":{"line":87,"column":18},"end":{"line":87,"column":41}},"23":{"start":{"line":94,"column":18},"end":{"line":94,"column":46}},"24":{"start":{"line":101,"column":18},"end":{"line":101,"column":84}},"25":{"start":{"line":108,"column":18},"end":{"line":108,"column":50}},"26":{"start":{"line":115,"column":18},"end":{"line":115,"column":48}},"27":{"start":{"line":122,"column":18},"end":{"line":122,"column":48}},"28":{"start":{"line":129,"column":18},"end":{"line":129,"column":44}}},"fnMap":{"0":{"name":"(anonymous_0)","decl":{"start":{"line":19,"column":2},"end":{"line":19,"column":3}},"loc":{"start":{"line":19,"column":21},"end":{"line":28,"column":3}},"line":19},"1":{"name":"(anonymous_1)","decl":{"start":{"line":30,"column":2},"end":{"line":30,"column":3}},"loc":{"start":{"line":30,"column":23},"end":{"line":32,"column":3}},"line":30},"2":{"name":"(anonymous_2)","decl":{"start":{"line":34,"column":2},"end":{"line":34,"column":3}},"loc":{"start":{"line":34,"column":22},"end":{"line":36,"column":3}},"line":34},"3":{"name":"(anonymous_3)","decl":{"start":{"line":38,"column":2},"end":{"line":38,"column":3}},"loc":{"start":{"line":38,"column":25},"end":{"line":40,"column":3}},"line":38},"4":{"name":"(anonymous_4)","decl":{"start":{"line":42,"column":2},"end":{"line":42,"column":3}},"loc":{"start":{"line":42,"column":18},"end":{"line":51,"column":3}},"line":42},"5":{"name":"(anonymous_5)","decl":{"start":{"line":44,"column":12},"end":{"line":44,"column":13}},"loc":{"start":{"line":44,"column":26},"end":{"line":47,"column":7}},"line":44},"6":{"name":"(anonymous_6)","decl":{"start":{"line":47,"column":15},"end":{"line":47,"column":16}},"loc":{"start":{"line":47,"column":26},"end":{"line":50,"column":7}},"line":47},"7":{"name":"(anonymous_7)","decl":{"start":{"line":53,"column":2},"end":{"line":53,"column":3}},"loc":{"start":{"line":53,"column":11},"end":{"line":66,"column":3}},"line":53},"8":{"name":"(anonymous_8)","decl":{"start":{"line":55,"column":12},"end":{"line":55,"column":13}},"loc":{"start":{"line":55,"column":26},"end":{"line":62,"column":7}},"line":55},"9":{"name":"(anonymous_9)","decl":{"start":{"line":62,"column":15},"end":{"line":62,"column":16}},"loc":{"start":{"line":62,"column":26},"end":{"line":65,"column":7}},"line":62},"10":{"name":"(anonymous_10)","decl":{"start":{"line":68,"column":2},"end":{"line":68,"column":3}},"loc":{"start":{"line":68,"column":11},"end":{"line":70,"column":3}},"line":68},"11":{"name":"(anonymous_11)","decl":{"start":{"line":72,"column":2},"end":{"line":72,"column":3}},"loc":{"start":{"line":72,"column":11},"end":{"line":149,"column":3}},"line":72},"12":{"name":"(anonymous_12)","decl":{"start":{"line":86,"column":24},"end":{"line":86,"column":25}},"loc":{"start":{"line":87,"column":18},"end":{"line":87,"column":41}},"line":87},"13":{"name":"(anonymous_13)","decl":{"start":{"line":93,"column":24},"end":{"line":93,"column":25}},"loc":{"start":{"line":94,"column":18},"end":{"line":94,"column":46}},"line":94},"14":{"name":"(anonymous_14)","decl":{"start":{"line":100,"column":24},"end":{"line":100,"column":25}},"loc":{"start":{"line":101,"column":18},"end":{"line":101,"column":84}},"line":101},"15":{"name":"(anonymous_15)","decl":{"start":{"line":107,"column":24},"end":{"line":107,"column":25}},"loc":{"start":{"line":108,"column":18},"end":{"line":108,"column":50}},"line":108},"16":{"name":"(anonymous_16)","decl":{"start":{"line":114,"column":24},"end":{"line":114,"column":25}},"loc":{"start":{"line":115,"column":18},"end":{"line":115,"column":48}},"line":115},"17":{"name":"(anonymous_17)","decl":{"start":{"line":121,"column":24},"end":{"line":121,"column":25}},"loc":{"start":{"line":122,"column":18},"end":{"line":122,"column":48}},"line":122},"18":{"name":"(anonymous_18)","decl":{"start":{"line":128,"column":24},"end":{"line":128,"column":25}},"loc":{"start":{"line":129,"column":18},"end":{"line":129,"column":44}},"line":129}},"branchMap":{"0":{"loc":{"start":{"line":56,"column":8},"end":{"line":61,"column":9}},"type":"if","locations":[{"start":{"line":56,"column":8},"end":{"line":61,"column":9}},{"start":{"line":56,"column":8},"end":{"line":61,"column":9}}],"line":56}},"s":{"0":1,"1":1,"2":1,"3":1,"4":1,"5":1,"6":1,"7":1,"8":0,"9":1,"10":0,"11":1,"12":1,"13":0,"14":0,"15":0,"16":0,"17":0,"18":0,"19":0,"20":0,"21":1,"22":1,"23":0,"24":0,"25":0,"26":0,"27":0,"28":0},"f":{"0":1,"1":1,"2":1,"3":0,"4":1,"5":0,"6":1,"7":0,"8":0,"9":0,"10":0,"11":1,"12":1,"13":0,"14":0,"15":0,"16":0,"17":0,"18":0},"b":{"0":[0,0]},"_coverageSchema":"332fd63041d2c1bcb487cc26dd0d5f7d97098a6c","hash":"b919b8a3c0f9026ebe79304959c0a3763c884306"}
,"/Users/victorxu/Desktop/Courseworks/cs4156/project/Troopr/client/src/Components/Matching.jsx": {"path":"/Users/victorxu/Desktop/Courseworks/cs4156/project/Troopr/client/src/Components/Matching.jsx","statementMap":{"0":{"start":{"line":8,"column":15},"end":{"line":16,"column":1}},"1":{"start":{"line":20,"column":4},"end":{"line":20,"column":29}},"2":{"start":{"line":24,"column":4},"end":{"line":24,"column":17}},"3":{"start":{"line":26,"column":4},"end":{"line":35,"column":6}},"4":{"start":{"line":36,"column":4},"end":{"line":36,"column":63}},"5":{"start":{"line":37,"column":4},"end":{"line":37,"column":41}},"6":{"start":{"line":38,"column":4},"end":{"line":38,"column":41}},"7":{"start":{"line":39,"column":4},"end":{"line":39,"column":47}},"8":{"start":{"line":40,"column":4},"end":{"line":40,"column":47}},"9":{"start":{"line":41,"column":4},"end":{"line":41,"column":45}},"10":{"start":{"line":46,"column":14},"end":{"line":46,"column":16}},"11":{"start":{"line":47,"column":4},"end":{"line":47,"column":40}},"12":{"start":{"line":50,"column":4},"end":{"line":88,"column":9}},"13":{"start":{"line":54,"column":8},"end":{"line":84,"column":9}},"14":{"start":{"line":56,"column":10},"end":{"line":56,"column":99}},"15":{"start":{"line":57,"column":10},"end":{"line":77,"column":15}},"16":{"start":{"line":62,"column":14},"end":{"line":73,"column":15}},"17":{"start":{"line":63,"column":32},"end":{"line":63,"column":34}},"18":{"start":{"line":64,"column":16},"end":{"line":66,"column":19}},"19":{"start":{"line":65,"column":18},"end":{"line":65,"column":49}},"20":{"start":{"line":67,"column":16},"end":{"line":67,"column":89}},"21":{"start":{"line":68,"column":16},"end":{"line":68,"column":91}},"22":{"start":{"line":69,"column":16},"end":{"line":69,"column":52}},"23":{"start":{"line":70,"column":16},"end":{"line":70,"column":74}},"24":{"start":{"line":71,"column":21},"end":{"line":73,"column":15}},"25":{"start":{"line":72,"column":16},"end":{"line":72,"column":69}},"26":{"start":{"line":76,"column":14},"end":{"line":76,"column":69}},"27":{"start":{"line":78,"column":15},"end":{"line":84,"column":9}},"28":{"start":{"line":79,"column":10},"end":{"line":83,"column":11}},"29":{"start":{"line":80,"column":12},"end":{"line":80,"column":41}},"30":{"start":{"line":82,"column":14},"end":{"line":82,"column":52}},"31":{"start":{"line":87,"column":8},"end":{"line":87,"column":63}},"32":{"start":{"line":92,"column":4},"end":{"line":92,"column":42}},"33":{"start":{"line":98,"column":14},"end":{"line":98,"column":16}},"34":{"start":{"line":99,"column":4},"end":{"line":99,"column":40}},"35":{"start":{"line":100,"column":4},"end":{"line":113,"column":9}},"36":{"start":{"line":106,"column":8},"end":{"line":108,"column":9}},"37":{"start":{"line":107,"column":10},"end":{"line":107,"column":35}},"38":{"start":{"line":111,"column":8},"end":{"line":111,"column":27}},"39":{"start":{"line":112,"column":8},"end":{"line":112,"column":63}},"40":{"start":{"line":118,"column":4},"end":{"line":134,"column":9}},"41":{"start":{"line":124,"column":8},"end":{"line":129,"column":9}},"42":{"start":{"line":125,"column":10},"end":{"line":125,"column":109}},"43":{"start":{"line":126,"column":15},"end":{"line":129,"column":9}},"44":{"start":{"line":128,"column":10},"end":{"line":128,"column":35}},"45":{"start":{"line":132,"column":8},"end":{"line":132,"column":27}},"46":{"start":{"line":133,"column":8},"end":{"line":133,"column":63}},"47":{"start":{"line":140,"column":4},"end":{"line":140,"column":53}},"48":{"start":{"line":144,"column":4},"end":{"line":146,"column":7}},"49":{"start":{"line":151,"column":4},"end":{"line":192,"column":6}},"50":{"start":{"line":196,"column":0},"end":{"line":199,"column":2}}},"fnMap":{"0":{"name":"(anonymous_0)","decl":{"start":{"line":19,"column":2},"end":{"line":19,"column":3}},"loc":{"start":{"line":19,"column":19},"end":{"line":21,"column":3}},"line":19},"1":{"name":"(anonymous_1)","decl":{"start":{"line":23,"column":2},"end":{"line":23,"column":3}},"loc":{"start":{"line":23,"column":21},"end":{"line":42,"column":3}},"line":23},"2":{"name":"(anonymous_2)","decl":{"start":{"line":44,"column":2},"end":{"line":44,"column":3}},"loc":{"start":{"line":44,"column":22},"end":{"line":89,"column":3}},"line":44},"3":{"name":"(anonymous_3)","decl":{"start":{"line":53,"column":12},"end":{"line":53,"column":13}},"loc":{"start":{"line":53,"column":26},"end":{"line":85,"column":7}},"line":53},"4":{"name":"(anonymous_4)","decl":{"start":{"line":61,"column":18},"end":{"line":61,"column":19}},"loc":{"start":{"line":61,"column":33},"end":{"line":74,"column":13}},"line":61},"5":{"name":"(anonymous_5)","decl":{"start":{"line":64,"column":59},"end":{"line":64,"column":60}},"loc":{"start":{"line":64,"column":68},"end":{"line":66,"column":17}},"line":64},"6":{"name":"(anonymous_6)","decl":{"start":{"line":75,"column":19},"end":{"line":75,"column":20}},"loc":{"start":{"line":75,"column":30},"end":{"line":77,"column":13}},"line":75},"7":{"name":"(anonymous_7)","decl":{"start":{"line":86,"column":13},"end":{"line":86,"column":14}},"loc":{"start":{"line":86,"column":24},"end":{"line":88,"column":7}},"line":86},"8":{"name":"(anonymous_8)","decl":{"start":{"line":91,"column":2},"end":{"line":91,"column":3}},"loc":{"start":{"line":91,"column":13},"end":{"line":93,"column":3}},"line":91},"9":{"name":"(anonymous_9)","decl":{"start":{"line":95,"column":2},"end":{"line":95,"column":3}},"loc":{"start":{"line":95,"column":11},"end":{"line":114,"column":3}},"line":95},"10":{"name":"(anonymous_10)","decl":{"start":{"line":105,"column":12},"end":{"line":105,"column":13}},"loc":{"start":{"line":105,"column":26},"end":{"line":109,"column":7}},"line":105},"11":{"name":"(anonymous_11)","decl":{"start":{"line":110,"column":13},"end":{"line":110,"column":14}},"loc":{"start":{"line":110,"column":24},"end":{"line":113,"column":7}},"line":110},"12":{"name":"(anonymous_12)","decl":{"start":{"line":116,"column":2},"end":{"line":116,"column":3}},"loc":{"start":{"line":116,"column":11},"end":{"line":137,"column":3}},"line":116},"13":{"name":"(anonymous_13)","decl":{"start":{"line":123,"column":12},"end":{"line":123,"column":13}},"loc":{"start":{"line":123,"column":26},"end":{"line":130,"column":7}},"line":123},"14":{"name":"(anonymous_14)","decl":{"start":{"line":131,"column":13},"end":{"line":131,"column":14}},"loc":{"start":{"line":131,"column":24},"end":{"line":134,"column":7}},"line":131},"15":{"name":"(anonymous_15)","decl":{"start":{"line":139,"column":2},"end":{"line":139,"column":3}},"loc":{"start":{"line":139,"column":17},"end":{"line":141,"column":3}},"line":139},"16":{"name":"(anonymous_16)","decl":{"start":{"line":143,"column":2},"end":{"line":143,"column":3}},"loc":{"start":{"line":143,"column":14},"end":{"line":147,"column":3}},"line":143},"17":{"name":"(anonymous_17)","decl":{"start":{"line":150,"column":2},"end":{"line":150,"column":3}},"loc":{"start":{"line":150,"column":11},"end":{"line":193,"column":3}},"line":150}},"branchMap":{"0":{"loc":{"start":{"line":54,"column":8},"end":{"line":84,"column":9}},"type":"if","locations":[{"start":{"line":54,"column":8},"end":{"line":84,"column":9}},{"start":{"line":54,"column":8},"end":{"line":84,"column":9}}],"line":54},"1":{"loc":{"start":{"line":62,"column":14},"end":{"line":73,"column":15}},"type":"if","locations":[{"start":{"line":62,"column":14},"end":{"line":73,"column":15}},{"start":{"line":62,"column":14},"end":{"line":73,"column":15}}],"line":62},"2":{"loc":{"start":{"line":71,"column":21},"end":{"line":73,"column":15}},"type":"if","locations":[{"start":{"line":71,"column":21},"end":{"line":73,"column":15}},{"start":{"line":71,"column":21},"end":{"line":73,"column":15}}],"line":71},"3":{"loc":{"start":{"line":78,"column":15},"end":{"line":84,"column":9}},"type":"if","locations":[{"start":{"line":78,"column":15},"end":{"line":84,"column":9}},{"start":{"line":78,"column":15},"end":{"line":84,"column":9}}],"line":78},"4":{"loc":{"start":{"line":79,"column":10},"end":{"line":83,"column":11}},"type":"if","locations":[{"start":{"line":79,"column":10},"end":{"line":83,"column":11}},{"start":{"line":79,"column":10},"end":{"line":83,"column":11}}],"line":79},"5":{"loc":{"start":{"line":106,"column":8},"end":{"line":108,"column":9}},"type":"if","locations":[{"start":{"line":106,"column":8},"end":{"line":108,"column":9}},{"start":{"line":106,"column":8},"end":{"line":108,"column":9}}],"line":106},"6":{"loc":{"start":{"line":124,"column":8},"end":{"line":129,"column":9}},"type":"if","locations":[{"start":{"line":124,"column":8},"end":{"line":129,"column":9}},{"start":{"line":124,"column":8},"end":{"line":129,"column":9}}],"line":124},"7":{"loc":{"start":{"line":126,"column":15},"end":{"line":129,"column":9}},"type":"if","locations":[{"start":{"line":126,"column":15},"end":{"line":129,"column":9}},{"start":{"line":126,"column":15},"end":{"line":129,"column":9}}],"line":126}},"s":{"0":1,"1":0,"2":0,"3":0,"4":0,"5":0,"6":0,"7":0,"8":0,"9":0,"10":0,"11":0,"12":0,"13":0,"14":0,"15":0,"16":0,"17":0,"18":0,"19":0,"20":0,"21":0,"22":0,"23":0,"24":0,"25":0,"26":0,"27":0,"28":0,"29":0,"30":0,"31":0,"32":0,"33":0,"34":0,"35":0,"36":0,"37":0,"38":0,"39":0,"40":0,"41":0,"42":0,"43":0,"44":0,"45":0,"46":0,"47":0,"48":0,"49":0,"50":1},"f":{"0":0,"1":0,"2":0,"3":0,"4":0,"5":0,"6":0,"7":0,"8":0,"9":0,"10":0,"11":0,"12":0,"13":0,"14":0,"15":0,"16":0,"17":0},"b":{"0":[0,0],"1":[0,0],"2":[0,0],"3":[0,0],"4":[0,0],"5":[0,0],"6":[0,0],"7":[0,0]},"_coverageSchema":"332fd63041d2c1bcb487cc26dd0d5f7d97098a6c","hash":"607b8598c7d036ea285ba8482e5922ccac406506"}
,"/Users/victorxu/Desktop/Courseworks/cs4156/project/Troopr/client/src/Components/ProfileView.jsx": {"path":"/Users/victorxu/Desktop/Courseworks/cs4156/project/Troopr/client/src/Components/ProfileView.jsx","statementMap":{"0":{"start":{"line":8,"column":0},"end":{"line":8,"column":37}},"1":{"start":{"line":12,"column":4},"end":{"line":12,"column":17}},"2":{"start":{"line":13,"column":4},"end":{"line":18,"column":6}},"3":{"start":{"line":19,"column":4},"end":{"line":19,"column":51}},"4":{"start":{"line":23,"column":4},"end":{"line":51,"column":9}},"5":{"start":{"line":26,"column":8},"end":{"line":46,"column":9}},"6":{"start":{"line":27,"column":10},"end":{"line":32,"column":13}},"7":{"start":{"line":38,"column":10},"end":{"line":44,"column":11}},"8":{"start":{"line":39,"column":12},"end":{"line":43,"column":13}},"9":{"start":{"line":40,"column":14},"end":{"line":40,"column":43}},"10":{"start":{"line":42,"column":14},"end":{"line":42,"column":27}},"11":{"start":{"line":45,"column":10},"end":{"line":45,"column":33}},"12":{"start":{"line":49,"column":8},"end":{"line":49,"column":27}},"13":{"start":{"line":50,"column":8},"end":{"line":50,"column":31}},"14":{"start":{"line":55,"column":4},"end":{"line":55,"column":45}},"15":{"start":{"line":59,"column":22},"end":{"line":59,"column":39}},"16":{"start":{"line":61,"column":4},"end":{"line":89,"column":6}},"17":{"start":{"line":71,"column":16},"end":{"line":71,"column":77}},"18":{"start":{"line":93,"column":0},"end":{"line":95,"column":2}}},"fnMap":{"0":{"name":"(anonymous_0)","decl":{"start":{"line":11,"column":2},"end":{"line":11,"column":3}},"loc":{"start":{"line":11,"column":21},"end":{"line":20,"column":3}},"line":11},"1":{"name":"(anonymous_1)","decl":{"start":{"line":22,"column":2},"end":{"line":22,"column":3}},"loc":{"start":{"line":22,"column":22},"end":{"line":52,"column":3}},"line":22},"2":{"name":"(anonymous_2)","decl":{"start":{"line":25,"column":12},"end":{"line":25,"column":13}},"loc":{"start":{"line":25,"column":26},"end":{"line":47,"column":7}},"line":25},"3":{"name":"(anonymous_3)","decl":{"start":{"line":48,"column":13},"end":{"line":48,"column":14}},"loc":{"start":{"line":48,"column":24},"end":{"line":51,"column":7}},"line":48},"4":{"name":"(anonymous_4)","decl":{"start":{"line":54,"column":2},"end":{"line":54,"column":3}},"loc":{"start":{"line":54,"column":16},"end":{"line":56,"column":3}},"line":54},"5":{"name":"(anonymous_5)","decl":{"start":{"line":58,"column":2},"end":{"line":58,"column":3}},"loc":{"start":{"line":58,"column":11},"end":{"line":90,"column":3}},"line":58},"6":{"name":"(anonymous_6)","decl":{"start":{"line":70,"column":29},"end":{"line":70,"column":30}},"loc":{"start":{"line":71,"column":16},"end":{"line":71,"column":77}},"line":71}},"branchMap":{"0":{"loc":{"start":{"line":26,"column":8},"end":{"line":46,"column":9}},"type":"if","locations":[{"start":{"line":26,"column":8},"end":{"line":46,"column":9}},{"start":{"line":26,"column":8},"end":{"line":46,"column":9}}],"line":26},"1":{"loc":{"start":{"line":38,"column":10},"end":{"line":44,"column":11}},"type":"if","locations":[{"start":{"line":38,"column":10},"end":{"line":44,"column":11}},{"start":{"line":38,"column":10},"end":{"line":44,"column":11}}],"line":38},"2":{"loc":{"start":{"line":39,"column":12},"end":{"line":43,"column":13}},"type":"if","locations":[{"start":{"line":39,"column":12},"end":{"line":43,"column":13}},{"start":{"line":39,"column":12},"end":{"line":43,"column":13}}],"line":39}},"s":{"0":2,"1":1,"2":1,"3":1,"4":1,"5":0,"6":0,"7":0,"8":0,"9":0,"10":0,"11":0,"12":1,"13":1,"14":0,"15":1,"16":1,"17":0,"18":2},"f":{"0":1,"1":1,"2":0,"3":1,"4":0,"5":1,"6":0},"b":{"0":[0,0],"1":[0,0],"2":[0,0]},"_coverageSchema":"332fd63041d2c1bcb487cc26dd0d5f7d97098a6c","hash":"8b59e7fb9be7100cfc649d147d2ee8c214fd7664"}
,"/Users/victorxu/Desktop/Courseworks/cs4156/project/Troopr/client/src/Components/SelectSkills.jsx": {"path":"/Users/victorxu/Desktop/Courseworks/cs4156/project/Troopr/client/src/Components/SelectSkills.jsx","statementMap":{"0":{"start":{"line":8,"column":4},"end":{"line":8,"column":17}},"1":{"start":{"line":9,"column":4},"end":{"line":9,"column":62}},"2":{"start":{"line":10,"column":4},"end":{"line":10,"column":47}},"3":{"start":{"line":11,"column":4},"end":{"line":11,"column":51}},"4":{"start":{"line":12,"column":4},"end":{"line":12,"column":49}},"5":{"start":{"line":16,"column":4},"end":{"line":16,"column":41}},"6":{"start":{"line":20,"column":4},"end":{"line":23,"column":5}},"7":{"start":{"line":21,"column":6},"end":{"line":21,"column":35}},"8":{"start":{"line":22,"column":6},"end":{"line":22,"column":49}},"9":{"start":{"line":24,"column":4},"end":{"line":24,"column":16}},"10":{"start":{"line":28,"column":4},"end":{"line":31,"column":5}},"11":{"start":{"line":30,"column":6},"end":{"line":30,"column":42}},"12":{"start":{"line":35,"column":4},"end":{"line":38,"column":5}},"13":{"start":{"line":37,"column":6},"end":{"line":37,"column":42}},"14":{"start":{"line":44,"column":4},"end":{"line":116,"column":6}},"15":{"start":{"line":48,"column":52},"end":{"line":48,"column":88}},"16":{"start":{"line":48,"column":105},"end":{"line":48,"column":142}},"17":{"start":{"line":52,"column":54},"end":{"line":52,"column":90}},"18":{"start":{"line":52,"column":107},"end":{"line":52,"column":144}},"19":{"start":{"line":56,"column":58},"end":{"line":56,"column":94}},"20":{"start":{"line":56,"column":111},"end":{"line":56,"column":148}},"21":{"start":{"line":60,"column":49},"end":{"line":60,"column":85}},"22":{"start":{"line":60,"column":102},"end":{"line":60,"column":139}},"23":{"start":{"line":64,"column":51},"end":{"line":64,"column":87}},"24":{"start":{"line":64,"column":104},"end":{"line":64,"column":141}},"25":{"start":{"line":68,"column":51},"end":{"line":68,"column":87}},"26":{"start":{"line":68,"column":104},"end":{"line":68,"column":141}},"27":{"start":{"line":72,"column":53},"end":{"line":72,"column":89}},"28":{"start":{"line":72,"column":106},"end":{"line":72,"column":143}},"29":{"start":{"line":76,"column":50},"end":{"line":76,"column":86}},"30":{"start":{"line":76,"column":103},"end":{"line":76,"column":140}},"31":{"start":{"line":80,"column":52},"end":{"line":80,"column":88}},"32":{"start":{"line":80,"column":105},"end":{"line":80,"column":142}},"33":{"start":{"line":84,"column":51},"end":{"line":84,"column":87}},"34":{"start":{"line":84,"column":104},"end":{"line":84,"column":141}},"35":{"start":{"line":88,"column":50},"end":{"line":88,"column":86}},"36":{"start":{"line":88,"column":103},"end":{"line":88,"column":140}},"37":{"start":{"line":92,"column":51},"end":{"line":92,"column":87}},"38":{"start":{"line":92,"column":104},"end":{"line":92,"column":141}},"39":{"start":{"line":96,"column":55},"end":{"line":96,"column":91}},"40":{"start":{"line":96,"column":108},"end":{"line":96,"column":145}},"41":{"start":{"line":100,"column":50},"end":{"line":100,"column":86}},"42":{"start":{"line":100,"column":103},"end":{"line":100,"column":140}},"43":{"start":{"line":104,"column":52},"end":{"line":104,"column":88}},"44":{"start":{"line":104,"column":105},"end":{"line":104,"column":142}},"45":{"start":{"line":108,"column":54},"end":{"line":108,"column":90}},"46":{"start":{"line":108,"column":107},"end":{"line":108,"column":144}},"47":{"start":{"line":112,"column":53},"end":{"line":112,"column":89}},"48":{"start":{"line":112,"column":106},"end":{"line":112,"column":143}},"49":{"start":{"line":120,"column":0},"end":{"line":124,"column":2}},"50":{"start":{"line":126,"column":0},"end":{"line":128,"column":2}}},"fnMap":{"0":{"name":"(anonymous_0)","decl":{"start":{"line":7,"column":2},"end":{"line":7,"column":3}},"loc":{"start":{"line":7,"column":21},"end":{"line":13,"column":3}},"line":7},"1":{"name":"(anonymous_1)","decl":{"start":{"line":15,"column":2},"end":{"line":15,"column":3}},"loc":{"start":{"line":15,"column":26},"end":{"line":17,"column":3}},"line":15},"2":{"name":"(anonymous_2)","decl":{"start":{"line":19,"column":2},"end":{"line":19,"column":3}},"loc":{"start":{"line":19,"column":19},"end":{"line":25,"column":3}},"line":19},"3":{"name":"(an
[...]
column":48},"end":{"line":72,"column":49}},"loc":{"start":{"line":72,"column":53},"end":{"line":72,"column":89}},"line":72},"19":{"name":"(anonymous_19)","decl":{"start":{"line":72,"column":101},"end":{"line":72,"column":102}},"loc":{"start":{"line":72,"column":106},"end":{"line":72,"column":143}},"line":72},"20":{"name":"(anonymous_20)","decl":{"start":{"line":76,"column":45},"end":{"line":76,"column":46}},"loc":{"start":{"line":76,"column":50},"end":{"line":76,"column":86}},"line":76},"21":{"name":"(anonymous_21)","decl":{"start":{"line":76,"column":98},"end":{"line":76,"column":99}},"loc":{"start":{"line":76,"column":103},"end":{"line":76,"column":140}},"line":76},"22":{"name":"(anonymous_22)","decl":{"start":{"line":80,"column":47},"end":{"line":80,"column":48}},"loc":{"start":{"line":80,"column":52},"end":{"line":80,"column":88}},"line":80},"23":{"name":"(anonymous_23)","decl":{"start":{"line":80,"column":100},"end":{"line":80,"column":101}},"loc":{"start":{"line":80,"column":105},"end":{"line":80,"column":142}},"line":80},"24":{"name":"(anonymous_24)","decl":{"start":{"line":84,"column":46},"end":{"line":84,"column":47}},"loc":{"start":{"line":84,"column":51},"end":{"line":84,"column":87}},"line":84},"25":{"name":"(anonymous_25)","decl":{"start":{"line":84,"column":99},"end":{"line":84,"column":100}},"loc":{"start":{"line":84,"column":104},"end":{"line":84,"column":141}},"line":84},"26":{"name":"(anonymous_26)","decl":{"start":{"line":88,"column":45},"end":{"line":88,"column":46}},"loc":{"start":{"line":88,"column":50},"end":{"line":88,"column":86}},"line":88},"27":{"name":"(anonymous_27)","decl":{"start":{"line":88,"column":98},"end":{"line":88,"column":99}},"loc":{"start":{"line":88,"column":103},"end":{"line":88,"column":140}},"line":88},"28":{"name":"(anonymous_28)","decl":{"start":{"line":92,"column":46},"end":{"line":92,"column":47}},"loc":{"start":{"line":92,"column":51},"end":{"line":92,"column":87}},"line":92},"29":{"name":"(anonymous_29)","decl":{"start":{"line":92,"column":99},"end":{"line":92,"column":100}},"loc":{"start":{"line":92,"column":104},"end":{"line":92,"column":141}},"line":92},"30":{"name":"(anonymous_30)","decl":{"start":{"line":96,"column":50},"end":{"line":96,"column":51}},"loc":{"start":{"line":96,"column":55},"end":{"line":96,"column":91}},"line":96},"31":{"name":"(anonymous_31)","decl":{"start":{"line":96,"column":103},"end":{"line":96,"column":104}},"loc":{"start":{"line":96,"column":108},"end":{"line":96,"column":145}},"line":96},"32":{"name":"(anonymous_32)","decl":{"start":{"line":100,"column":45},"end":{"line":100,"column":46}},"loc":{"start":{"line":100,"column":50},"end":{"line":100,"column":86}},"line":100},"33":{"name":"(anonymous_33)","decl":{"start":{"line":100,"column":98},"end":{"line":100,"column":99}},"loc":{"start":{"line":100,"column":103},"end":{"line":100,"column":140}},"line":100},"34":{"name":"(anonymous_34)","decl":{"start":{"line":104,"column":47},"end":{"line":104,"column":48}},"loc":{"start":{"line":104,"column":52},"end":{"line":104,"column":88}},"line":104},"35":{"name":"(anonymous_35)","decl":{"start":{"line":104,"column":100},"end":{"line":104,"column":101}},"loc":{"start":{"line":104,"column":105},"end":{"line":104,"column":142}},"line":104},"36":{"name":"(anonymous_36)","decl":{"start":{"line":108,"column":49},"end":{"line":108,"column":50}},"loc":{"start":{"line":108,"column":54},"end":{"line":108,"column":90}},"line":108},"37":{"name":"(anonymous_37)","decl":{"start":{"line":108,"column":102},"end":{"line":108,"column":103}},"loc":{"start":{"line":108,"column":107},"end":{"line":108,"column":144}},"line":108},"38":{"name":"(anonymous_38)","decl":{"start":{"line":112,"column":48},"end":{"line":112,"column":49}},"loc":{"start":{"line":112,"column":53},"end":{"line":112,"column":89}},"line":112},"39":{"name":"(anonymous_39)","decl":{"start":{"line":112,"column":101},"end":{"line":112,"column":102}},"loc":{"start":{"line":112,"column":106},"end":{"line":112,"column":143}},"line":112}},"branchMap":{"0":{"loc":{"start":{"line":20,"column":4},"end":{"line":23,"column":5}},"type":"if","locations":[{"start":{"line":20,"column":4},"end":{"line":23,"column":5}},{"start":{"line":20,"column":4},"end":{"line":23,"column":5}}],"line":20},"1":{"loc":{"start":{"line":28,"column":4},"end":{"line":31,"column":5}},"type":"if","locations":[{"start":{"line":28,"column":4},"end":{"line":31,"column":5}},{"start":{"line":28,"column":4},"end":{"line":31,"column":5}}],"line":28},"2":{"loc":{"start":{"line":35,"column":4},"end":{"line":38,"column":5}},"type":"if","locations":[{"start":{"line":35,"column":4},"end":{"line":38,"column":5}},{"start":{"line":35,"column":4},"end":{"line":38,"column":5}}],"line":35}},"s":{"0":3,"1":3,"2":3,"3":3,"4":3,"5":0,"6":51,"7":34,"8":34,"9":17,"10":0,"11":0,"12":0,"13":0,"14":3,"15":0,"16":0,"17":0,"18":0,"19":0,"20":0,"21":0,"22":0,"23":0,"24":0,"25":0,"26":0,"27":0,"28":0,"29":0,"30":0,"31":0,"32":0,"33":0,"34":0,"35":0,"36":0,"37":0,"38":0,"39":0,"40":0,"41":0,"42":0,"43":0,"44":0,"45":0,"46":0,"47":0,"48":0,"49":4,"50":4},"f":{"0":3,"1":0,"2":51,"3":0,"4":0,"5":3,"6":0,"7":0,"8":0,"9":0,"10":0,"11":0,"12":0,"13":0,"14":0,"15":0,"16":0,"17":0,"18":0,"19":0,"20":0,"21":0,"22":0,"23":0,"24":0,"25":0,"26":0,"27":0,"28":0,"29":0,"30":0,"31":0,"32":0,"33":0,"34":0,"35":0,"36":0,"37":0,"38":0,"39":0},"b":{"0":[34,17],"1":[0,0],"2":[0,0]},"_coverageSchema":"332fd63041d2c1bcb487cc26dd0d5f7d97098a6c","hash":"d1b7659bdffa0f724634d7a7b72c3e14ae646e5f"}
,"/Users/victorxu/Desktop/Courseworks/cs4156/project/Troopr/client/src/Components/SideView.jsx": {"path":"/Users/victorxu/Desktop/Courseworks/cs4156/project/Troopr/client/src/Components/SideView.jsx","statementMap":{"0":{"start":{"line":7,"column":0},"end":{"line":7,"column":34}},"1":{"start":{"line":11,"column":4},"end":{"line":11,"column":17}},"2":{"start":{"line":12,"column":4},"end":{"line":14,"column":6}},"3":{"start":{"line":15,"column":4},"end":{"line":15,"column":43}},"4":{"start":{"line":19,"column":4},"end":{"line":19,"column":19}},"5":{"start":{"line":23,"column":4},"end":{"line":34,"column":9}},"6":{"start":{"line":26,"column":8},"end":{"line":30,"column":9}},"7":{"start":{"line":27,"column":10},"end":{"line":27,"column":58}},"8":{"start":{"line":29,"column":10},"end":{"line":29,"column":48}},"9":{"start":{"line":32,"column":8},"end":{"line":32,"column":46}},"10":{"start":{"line":33,"column":8},"end":{"line":33,"column":27}},"11":{"start":{"line":38,"column":4},"end":{"line":57,"column":6}},"12":{"start":{"line":61,"column":0},"end":{"line":65,"column":2}}},"fnMap":{"0":{"name":"(anonymous_0)","decl":{"start":{"line":10,"column":2},"end":{"line":10,"column":3}},"loc":{"start":{"line":10,"column":21},"end":{"line":16,"column":3}},"line":10},"1":{"name":"(anonymous_1)","decl":{"start":{"line":18,"column":2},"end":{"line":18,"column":3}},"loc":{"start":{"line":18,"column":23},"end":{"line":20,"column":3}},"line":18},"2":{"name":"(anonymous_2)","decl":{"start":{"line":22,"column":2},"end":{"line":22,"column":3}},"loc":{"start":{"line":22,"column":12},"end":{"line":35,"column":3}},"line":22},"3":{"name":"(anonymous_3)","decl":{"start":{"line":24,"column":12},"end":{"line":24,"column":13}},"loc":{"start":{"line":24,"column":26},"end":{"line":31,"column":7}},"line":24},"4":{"name":"(anonymous_4)","decl":{"start":{"line":31,"column":15},"end":{"line":31,"column":16}},"loc":{"start":{"line":31,"column":26},"end":{"line":34,"column":7}},"line":31},"5":{"name":"(anonymous_5)","decl":{"start":{"line":37,"column":2},"end":{"line":37,"column":3}},"loc":{"start":{"line":37,"column":11},"end":{"line":58,"column":3}},"line":37}},"branchMap":{"0":{"loc":{"start":{"line":26,"column":8},"end":{"line":30,"column":9}},"type":"if","locations":[{"start":{"line":26,"column":8},"end":{"line":30,"column":9}},{"start":{"line":26,"column":8},"end":{"line":30,"column":9}}],"line":26}},"s":{"0":2,"1":1,"2":1,"3":1,"4":1,"5":1,"6":0,"7":0,"8":0,"9":1,"10":1,"11":1,"12":2},"f":{"0":1,"1":1,"2":1,"3":0,"4":1,"5":1},"b":{"0":[0,0]},"_coverageSchema":"332fd63041d2c1bcb487cc26dd0d5f7d97098a6c","hash":"1f5fc07dece0cbb747bc298dda0e4ef83f75a355"}
,"/Users/victorxu/Desktop/Courseworks/cs4156/project/Troopr/client/src/Components/SkillsList.jsx": {"path":"/Users/victorxu/Desktop/Courseworks/cs4156/project/Troopr/client/src/Components/SkillsList.jsx","statementMap":{"0":{"start":{"line":7,"column":22},"end":{"line":9,"column":6}},"1":{"start":{"line":8,"column":6},"end":{"line":8,"column":90}},"2":{"start":{"line":11,"column":4},"end":{"line":16,"column":6}},"3":{"start":{"line":20,"column":0},"end":{"line":23,"column":2}}},"fnMap":{"0":{"name":"(anonymous_0)","decl":{"start":{"line":6,"column":2},"end":{"line":6,"column":3}},"loc":{"start":{"line":6,"column":11},"end":{"line":17,"column":3}},"line":6},"1":{"name":"(anonymous_1)","decl":{"start":{"line":7,"column":44},"end":{"line":7,"column":45}},"loc":{"start":{"line":8,"column":6},"end":{"line":8,"column":90}},"line":8}},"branchMap":{"0":{"loc":{"start":{"line":8,"column":33},"end":{"line":8,"column":47}},"type":"binary-expr","locations":[{"start":{"line":8,"column":33},"end":{"line":8,"column":38}},{"start":{"line":8,"column":42},"end":{"line":8,"column":47}}],"line":8}},"s":{"0":2,"1":2,"2":2,"3":2},"f":{"0":2,"1":2},"b":{"0":[2,0]},"_coverageSchema":"332fd63041d2c1bcb487cc26dd0d5f7d97098a6c","hash":"0bb564cc3705b3f1af58f978c5bead4e2f546436"}
,"/Users/victorxu/Desktop/Courseworks/cs4156/project/Troopr/client/src/Components/TeamView.jsx": {"path":"/Users/victorxu/Desktop/Courseworks/cs4156/project/Troopr/client/src/Components/TeamView.jsx","statementMap":{"0":{"start":{"line":10,"column":0},"end":{"line":10,"column":34}},"1":{"start":{"line":14,"column":4},"end":{"line":14,"column":17}},"2":{"start":{"line":15,"column":4},"end":{"line":24,"column":6}},"3":{"start":{"line":26,"column":4},"end":{"line":26,"column":47}},"4":{"start":{"line":27,"column":4},"end":{"line":27,"column":47}},"5":{"start":{"line":28,"column":4},"end":{"line":28,"column":57}},"6":{"start":{"line":29,"column":4},"end":{"line":29,"column":75}},"7":{"start":{"line":30,"column":4},"end":{"line":30,"column":61}},"8":{"start":{"line":31,"column":4},"end":{"line":31,"column":45}},"9":{"start":{"line":32,"column":4},"end":{"line":32,"column":47}},"10":{"start":{"line":39,"column":20},"end":{"line":39,"column":49}},"11":{"start":{"line":41,"column":4},"end":{"line":70,"column":9}},"12":{"start":{"line":46,"column":8},"end":{"line":66,"column":9}},"13":{"start":{"line":48,"column":27},"end":{"line":48,"column":40}},"14":{"start":{"line":49,"column":10},"end":{"line":58,"column":13}},"15":{"start":{"line":60,"column":15},"end":{"line":66,"column":9}},"16":{"start":{"line":61,"column":10},"end":{"line":61,"column":39}},"17":{"start":{"line":65,"column":10},"end":{"line":65,"column":39}},"18":{"start":{"line":69,"column":8},"end":{"line":69,"column":27}},"19":{"start":{"line":75,"column":4},"end":{"line":100,"column":5}},"20":{"start":{"line":76,"column":6},"end":{"line":82,"column":7}},"21":{"start":{"line":77,"column":8},"end":{"line":77,"column":46}},"22":{"start":{"line":78,"column":13},"end":{"line":82,"column":7}},"23":{"start":{"line":79,"column":8},"end":{"line":79,"column":49}},"24":{"start":{"line":80,"column":13},"end":{"line":82,"column":7}},"25":{"start":{"line":81,"column":8},"end":{"line":81,"column":50}},"26":{"start":{"line":84,"column":6},"end":{"line":99,"column":7}},"27":{"start":{"line":85,"column":22},"end":{"line":85,"column":62}},"28":{"start":{"line":86,"column":8},"end":{"line":88,"column":9}},"29":{"start":{"line":87,"column":10},"end":{"line":87,"column":44}},"30":{"start":{"line":89,"column":13},"end":{"line":99,"column":7}},"31":{"start":{"line":90,"column":22},"end":{"line":90,"column":65}},"32":{"start":{"line":91,"column":8},"end":{"line":93,"column":9}},"33":{"start":{"line":92,"column":10},"end":{"line":92,"column":47}},"34":{"start":{"line":94,"column":13},"end":{"line":99,"column":7}},"35":{"start":{"line":95,"column":22},"end":{"line":95,"column":66}},"36":{"start":{"line":96,"column":8},"end":{"line":98,"column":9}},"37":{"start":{"line":97,"column":10},"end":{"line":97,"column":48}},"38":{"start":{"line":104,"column":4},"end":{"line":104,"column":23}},"39":{"start":{"line":108,"column":4},"end":{"line":108,"column":51}},"40":{"start":{"line":113,"column":4},"end":{"line":113,"column":44}},"41":{"start":{"line":118,"column":4},"end":{"line":118,"column":37}},"42":{"start":{"line":122,"column":4},"end":{"line":122,"column":38}},"43":{"start":{"line":126,"column":4},"end":{"line":126,"column":23}},"44":{"start":{"line":128,"column":4},"end":{"line":150,"column":9}},"45":{"start":{"line":140,"column":8},"end":{"line":146,"column":9}},"46":{"start":{"line":141,"column":10},"end":{"line":141,"column":66}},"47":{"start":{"line":142,"column":10},"end":{"line":142,"column":27}},"48":{"start":{"line":145,"column":10},"end":{"line":145,"column":39}},"49":{"start":{"line":149,"column":8},"end":{"line":149,"column":27}},"50":{"start":{"line":154,"column":4},"end":{"line":154,"column":63}},"51":{"start":{"line":158,"column":20},"end":{"line":162,"column":6}},"52":{"start":{"line":159,"column":6},"end":{"line":161,"column":12}},"53":{"start":{"line":164,"column":4},"end":{"line":296,"column":6}},"54":{"start":{"line":300,"column":0},"end":{"line":303,"column":2}}},"fnMap":{"0":{"name":"(anonymous_0)","decl":{"start":{"line":13,"column":2},"end":{"line":13,"column":3}},"loc":{"start":{"line":13,"column":21},"end":{"line":33,"column":3}},"line":13},"1":{"name":"(anonymous_1)","decl":{"start":{"line":35,"column":2},"end":{"line":35,"column":3}},"loc":{"start":{"line":35,"column":22},"end":{"line":71,"column":3}},"line":35},"2":{"name":"(anonymous_2)","decl":{"start":{"line":44,"column":12},"end":{"line":44,"column":13}},"loc":{"start":{"line":44,"column":26},"end":{"line":67,"column":7}},"line":44},"3":{"name":"(anonymous_3)","decl":{"start":{"line":68,"column":13},"end":{"line":68,"column":14}},"loc":{"start":{"line":68,"column":24},"end":{"line":70,"column":7}},"line":68},"4":{"name":"(anonymous_4)","decl":{"start":{"line":73,"column":2},"end":{"line":73,"column":3}},"loc":{"start":{"line":73,"column":27},"end":{"line":105,"column":3}},"line":73},"5":{"name":"(anonymous_5)","decl":{"start":{"line":107,"column":2},"end":{"line":107,"column":3}},"loc":{"start":{"line":107,"column":29},"end":{"line":110,"column":3}},"line":107},"6":{"name":"(anonymous_6)","decl":{"start":{"line":112,"column":2},"end":{"line":112,"column":3}},"loc":{"start":{"line":112,"column":22},"end":{"line":115,"column":3}},"line":112},"7":{"name":"(anonymous_7)","decl":{"start":{"line":117,"column":2},"end":{"line":117,"column":3}},"loc":{"start":{"line":117,"column":14},"end":{"line":119,"column":3}},"line":117},"8":{"name":"(anonymous_8)","decl":{"start":{"line":121,"column":2},"end":{"line":121,"column":3}},"loc":{"start":{"line":121,"column":14},"end":{"line":123,"column":3}},"line":121},"9":{"name":"(anonymous_9)","decl":{"start":{"line":125,"column":2},"end":{"line":125,"column":3}},"loc":{"start":{"line":125,"column":14},"end":{"line":151,"column":3}},"line":125},"10":{"name":"(anonymous_10)","decl":{"start":{"line":136,"column":12},"end":{"line":136,"column":13}},"loc":{"start":{"line":136,"column":26},"end":{"line":147,"column":7}},"line":136},"11":{"name":"(anonymous_11)","decl":{"start":{"line":148,"column":13},"end":{"line":148,"column":14}},"loc":{"start":{"line":148,"column":24},"end":{"line":150,"column":7}},"line":148},"12":{"name":"(anonymous_12)","decl":{"start":{"line":153,"column":2},"end":{"line":153,"column":3}},"loc":{"start":{"line":153,"column":14},"end":{"line":155,"column":3}},"line":153},"13":{"name":"(anonymous_13)","decl":{"start":{"line":157,"column":2},"end":{"line":157,"column":3}},"loc":{"start":{"line":157,"column":11},"end":{"line":297,"column":3}},"line":157},"14":{"name":"(anonymous_14)","decl":{"start":{"line":158,"column":43},"end":{"line":158,"column":44}},"loc":{"start":{"line":159,"column":6},"end":{"line":161,"column":12}},"line":159}},"branchMap":{"0":{"loc":{"start":{"line":46,"column":8},"end":{"line":66,"column":9}},"type":"if","locations":[{"start":{"line":46,"column":8},"end":{"line":66,"column":9}},{"start":{"line":46,"column":8},"end":{"line":66,"column":9}}],"line":46},"1":{"loc":{"start":{"line":60,"column":15},"end":{"line":66,"column":9}},"type":"if","locations":[{"start":{"line":60,"column":15},"end":{"line":66,"column":9}},{"start":{"line":60,"column":15},"end":{"line":66,"column":9}}],"line":60},"2":{"loc":{"start":{"line":75,"column":4},"end":{"line":100,"column":5}},"type":"if","locations":[{"start":{"line":75,"column":4},"end":{"line":100,"column":5}},{"start":{"line":75,"column":4},"end":{"line":100,"column":5}}],"line":75},"3":{"loc":{"start":{"line":76,"column":6},"end":{"line":82,"column":7}},"type":"if","locations":[{"start":{"line":76,"column":6},"end":{"line":82,"column":7}},{"start":{"line":76,"column":6},"end":{"line":82,"column":7}}],"line":76},"4":{"loc":{"start":{"line":78,"column":13},"end":{"line":82,"column":7}},"type":"if","locations":[{"start":{"line":78,"column":13},"end":{"line":82,"column":7}},{"start":{"line":78,"column":13},"end":{"line":82,"column":7}}],"line":78},"5":{"loc":{"start":{"line":80,"column":13},"end":{"line":82,"column":7}},"type":"if","locations":[{"start":{"line":80,"column":13},"end":{"line":82,"column":7}},{"start":{"line":80,"column":13},"end":{"line":82,"column":7}}],"line":80},"6":{"loc":{"start":{"line":84,"column":6},"end":{"line":99,"column":7}},"type":"if","locations":[{"start":{"line":84,"column":6},"end":{"line":99,"column":7}},{"start":{"line":84,"column":6},"end":{"line":99,"column":7}}],"line":84},"7":{"loc":{"start":{"line":86,"column":8},"end":{"line":88,"column":9}},"type":"if","locations":[{"start":{"line":86,"column":8},"end":{"line":88,"column":9}},{"start":{"line":86,"column":8},"end":{"line":88,"column":9}}],"line":86},"8":{"loc":{"start":{"line":89,"column":13},"end":{"line":99,"column":7}},"type":"if","locations":[{"start":{"line":89,"column":13},"end":{"line":99,"column":7}},{"start":{"line":89,"column":13},"end":{"line":99,"column":7}}],"line":89},"9":{"loc":{"start":{"line":91,"column":8},"end":{"line":93,"column":9}},"type":"if","locations":[{"start":{"line":91,"column":8},"end":{"line":93,"column":9}},{"start":{"line":91,"column":8},"end":{"line":93,"column":9}}],"line":91},"10":{"loc":{"start":{"line":94,"column":13},"end":{"line":99,"column":7}},"type":"if","locations":[{"start":{"line":94,"column":13},"end":{"line":99,"column":7}},{"start":{"line":94,"column":13},"end":{"line":99,"column":7}}],"line":94},"11":{"loc":{"start":{"line":96,"column":8},"end":{"line":98,"column":9}},"type":"if","locations":[{"start":{"line":96,"column":8},"end":{"line":98,"column":9}},{"start":{"line":96,"column":8},"end":{"line":98,"column":9}}],"line":96},"12":{"loc":{"start":{"line":140,"column":8},"end":{"line":146,"column":9}},"type":"if","locations":[{"start":{"line":140,"column":8},"end":{"line":146,"column":9}},{"start":{"line":140,"column":8},"end":{"line":146,"column":9}}],"line":140}},"s":{"0":1,"1":0,"2":0,"3":0,"4":0,"5":0,"6":0,"7":0,"8":0,"9":0,"10":0,"11":0,"12":0,"13":0,"14":0,"15":0,"16":0,"17":0,"18":0,"19":0,"20":0,"21":0,"22":0,"23":0,"24":0,"25":0,"26":0,"27":0,"28":0,"29":0,"30":0,"31":0,"32":0,"33":0,"34":0,"35":0,"36":0,"37":0,"38":0,"39":0,"40":0,"41":0,"42":0,"43":0,"44":0,"45":0,"46":0,"47":0,"48":0,"49":0,"50":0,"51":0,"52":0,"53":0,"54":1},"f":{"0":0,"1":0,"2":0,"3":0,"4":0,"5":0,"6":0,"7":0,"8":0,"9":0,"10":0,"11":0,"12":0,"13":0,"14":0},"b":{"0":[0,0],"1":[0,0],"2":[0,0],"3":[0,0],"4":[0,0],"5":[0,0],"6":[0,0],"7":[0,0],"8":[0,0],"9":[0,0],"10":[0,0],"11":[0,0],"12":[0,0]},"_coverageSchema":"332fd63041d2c1bcb487cc26dd0d5f7d97098a6c","hash":"30fd913bdb74b3e87da1fd5c8f21eb281c186c25"}
}
